[    0.000000] Initializing cgroup subsys cpuset
[    0.000000] Initializing cgroup subsys cpu
[    0.000000] Initializing cgroup subsys cpuacct
[    0.000000] Linux version 4.4.0-137-generic (buildd@lgw01-amd64-037) (gcc version 5.4.0 20160609 (Ubuntu 5.4.0-6ubuntu1~16.04.10) ) #163-Ubuntu SMP Mon Sep 24 13:14:43 UTC 2018 (Ubuntu 4.4.0-137.163-generic 4.4.144)
[    0.000000] Command line: BOOT_IMAGE=/boot/vmlinuz-4.4.0-137-generic root=LABEL=cloudimg-rootfs ro console=tty1 console=ttyS0
[    0.000000] KERNEL supported cpus:
[    0.000000]   Intel GenuineIntel
[    0.000000]   AMD AuthenticAMD
[    0.000000]   Centaur CentaurHauls
[    0.000000] x86/fpu: xstate_offset[2]:  576, xstate_sizes[2]:  256
[    0.000000] x86/fpu: Supporting XSAVE feature0x01: 'x87 floating point registers'
[    0.000000] x86/fpu: Supporting XSAVE feature 0x02: 'SSE registers'
[    0.000000] x86/fpu: Supporting XSAVE feature 0x04: 'AVX registers'
[    0.000000] x86/fpu: Enabled xstate features 0x7, context size is 832 bytes, using 'standard' format.
[    0.000000] e820: BIOS-provided physical RAM map:
[    0.000000] BIOS-e820: [mem 0x0000000000000000-0x000000000009fbff] uable
[    0.000000] BIOS-e820: [mem 0x000000000009fc00-0x000000000009ffff] reserved
[    0.000000] BIOS-e820: [mem 0x00000000000f0000-0x00000000000fffff] reserved
[    0.000000] BIOS-e820: [mem 0x0000000000100000-0x000000003ffeffff] usable
[    0.000000] BIOS-e820: [mem 0x000000003fff0000-0x000000003fffffff] ACPI data
[   0.000000] BIOS-e820: [mem 0x00000000fec00000-0x00000000fec00fff] reserved
[    0.000000] BIOS-e820: [mem 0x00000000fee00000-0x00000000fee00fff] reserved
[    0.000000] BIOS-e820: [mem 0x00000000fffc0000-0x00000000ffffffff] reserved
[    0.000000] NX (Eecute Disable) protection: active
[    0.000000] SMBIOS 2.5 present.
[    0.000000] Hypervisor detected: KVM
[    0.00000] e820: last_pfn = 0x3fff0 max_arch_pfn = 0x400000000
[    0.000000] MTRR: Disabled
[    0.000000] x86/PAT: MTRRs disabled, skipping PAT initialization too.
[    0.000000] CPU MTRRs all blank - virtualized system.
[    0.000000] x86/PAT: Cnfiguration [0-7]: WB  WT  UC- UC  WB  WT  UC- UC  
[    0.000000] found SMP MP-table at [mem 0x0009fff0-0x0009ffff] mapped at [ffff88000009fff0]
[    0.000000] Scanning 1 areas for low memory corruption
[    0.000000] RAMDISK: [mem 0x3630a000-0x3717cfff]
[    0.000000] ACPI: Early table checksum verification disabled
[    0.000000] ACPI: RSDP 0x00000000000E0000 000024 (v02 VBOX  )
[    0.000000] ACPI: XSDT 0x000000003FFF0030 00003C (v01 VBOX   VBOXXSDT 00000001 ASL  00000061)
[    0.000000] ACPI: FACP 0x000000003FFF00F0 0000F4 (v04 VBOX   VBOXFACP 00000001 ASL  00000061)
[    0.000000] ACPI: DSDT 0x000000003FFF0470 0021FF (v02 VBOX   VBOXBIOS 00000002 INTL 20100528)
[    0.000000] ACPI: FACS 0x000000003FFF0200 000040
[    0.000000] ACPI: FACS 0x000000003FFF0200 000040
[    0.000000] ACPI: APIC 0x000000003FFF0240 00005C (v02 VBOX   VBOXAPIC 00000001 ASL  00000061)
[    0.000000] ACPI: SSDT 0x000000003FFF2A0 0001CC (v01 VBOX   VBOXCPUT 00000002 INTL 20100528)
[    0.000000] No NUMA configuration found
[    0.000000] Faking a node at [mem 0x0000000000000000-0x000000003ffeffff]
[    0.000000]NODE_DATA(0) allocated [mem 0x3ffeb000-0x3ffeffff]
[    0.000000] kvm-clock: Using msrs 4b564d01 and 4b564d00
[    0.000000] kvm-clock: cpu 0, msr 0:3ffe3001, primary cpu clock
[    0.000000] kvm-clock: using sched offset of 5167085580 cycles
[    0.000000] clocksource: kvm-clock: mask: 0xffffffffffffffff max_cycles: 0x1cd42e4dffb, max_idle_ns: 881590591483 ns
[    0.000000] Zone ranges:
[    0.000000]   DMA      [mem 0x0000000000001000-0x0000000000ffffff]
[    0.000000]   DMA32    [mem 0x0000000001000000-0x000000003ffeffff]
[   0.000000]   Normal   empty
[    0.000000]   Device   empty
[    0.000000] Movable zone start for each node
[    0.000000] Early memory node ranges
[    0.000000]   node   0: [mem 0x0000000000001000-0x000000000009efff]
[    0.000000]   node   0: [mem 0x0000000000100000-0x000000003ffeffff]
[    0.000000] Initmem setup node 0 [mem 0x0000000000001000-0x000000003ffeffff]
[    0.000000] ACPI: PM-Timer IO Port: 0x4008
[    0.000000] IOAPIC[0]: apic_id 2, version 32, address 0xfec00000, GSI 0-23
[    0.000000] ACPI: INT_SRC_OVR (bus 0 bus_irq 0 global_irq 2 dfl dfl)
[    0.000000] ACPI: INT_SRC_OVR (bus 0 bus_irq 9 global_irq 9 low level)
[    0.000000] Using ACPI (MADT) for SMP configuration information
[    0.000000] smpboot: Allowing 2 CPUs, 0 hotplug CPUs
[    0.000000] PM: Registered nosave memory: [mem 0x00000000-0x00000fff]
[    0.000000] PM: Registered nosave memory: [mem 0x0009f000-0x0009ffff]
[    0.000000] PM: Registered nosave memory: [mem 0x000a0000-0x000effff]
[    0.000000] PM: Registered nosave memory: [mem 0x000f0000-0x000fffff]
[    0.000000] e820: [mem 0x40000000-0xfebfffff] available for PCIdevices
[    0.000000] Booting paravirtualized kernel on KVM
[    0.000000] clocksource: refined-jiffies: mask: 0xffffffff max_cycles: 0xffffffff, max_idle_ns: 7645519600211568 ns
[    0.000000] setup_percpu: NR_CPUS:512 nr_cpumask_bits:512 nr_cpu_ids:2 nr_node_ids:1[    0.000000] PERCPU: Embedded 34 pages/cpu @ffff88003fc00000 s99608 r8192 d31464 u1048576
[    0.00000] PV qspinlock hash table entries: 256 (order: 0, 4096 bytes)
[    0.000000] Built 1 zonelists in Node order, mobility grouping on.  Total pages: 257912
[    0.000000] Policy zone: DMA32
[    0.000000] Kernel command line: BOOT_IMAGE=/boot/vmlinuz-4.4.0-137-generic root=LABEL=cloudimg-rootfs ro console=tty1 consol=ttyS0
[    0.000000] PID hash table entries: 4096 (order: 3, 32768 bytes)
[    0.000000] Memory: 997708K/1048120K available (8555K kernel code, 1314K rwdata, 4004K rodata, 1528K init, 1316K bss, 50412K reserved, 0K cma-reserved)
[    0.000000] SLUB: HWalign=64, Order=0-3, MinObjects=0, CPUs=2,, Nodes=1
[    0.000000] Kernel/User page tables isolation: enabled
[    0.000000] Hierarchical RCU implementation.
[    0.000000] 	Build-time adjustment of leaf fanout to 64.
[    0.000000] 	RCU restricting CPUs from NR_CPUS=512 to nr_cpu_ids=2.
[    0.000000] RCU: Adjusting geometry for rcu_fanout_leaf=64, nr_cpu_ids=2
[    0.000000] NR_IRQS:33024 nr_irqs:440 16
[    0.000000] Console: colour VGA+ 80x25
[    0.000000] console [tty1] enabled
[    0.000000] console [ttyS0] enabled
[    0.000000] tsc: Detected 2292.566 MHz processor
[    0.874875] Calibrating delay loop(skipped) preset value.. 4585.13 BogoMIPS (lpj=9170264)
[    0.923261] pid_max: default: 32768 minimum: 301
[    0.925873] ACPI: Core revision 20150930
[    0.936616] ACPI: 2 ACPI AML tables successfully acquired and loaded
[    0.939776] Security Framework initialized
[    0.941726] Yama: becoming mindful.
[    0.943434] AppArmor: AppArmor initialized
[    0.945492] Dentry cache hash table entries: 131072 (order: 8, 1048576 bytes)
[    0.952248] Inode-cache hash table entries: 65536 (order: 7, 524288 bytes)
[    0.956118] Mount-cache hash table entries: 2048 (order: 2, 16384 bytes)
[    0.958743] Mountpoint-cache hash table entries: 2048 (order: 2, 16384 bytes)
[    0.962245] Initializing cgroup subsys io
[    0.964418] Initializing cgroup subsys memory
[    0.966462] Initializing cgroup subsys devices
[    0.968213] Initializing cgroup subsys freezer
[    0.971656] Initializing cgroup subsys net_cls
[    0.973423] Initializing cgroup subsys perf_event
[    0.975573] Initializing cgroup subsys net_prio
[    0.977472] Initializing cgroup subsys hugetlb
[    0.979575] Initializing cgroup subsys pids
[    0.981346] mce: CPU supports 0 MCE banks
[    0.996077] Last level iTLB entries: 4KB 512, 2MB 8, 4MB 8
[    0.998713] Last level dTLB entries: 4KB 512, 2MB 32, 4MB 32, 1GB 0
[    1.001611] Spectre V2 : Mitigation: Full generic retpoline
[    1.004869] Spectre V2 : Spectre v2 mitigation: Speculation control IBPB not-supported IBRS not-supported
[    1.016038] Spectre V2 : Spectre v2 / SpectreRSB mitigation: Filling RSB on context switch
[    1.024867] Speculative Store Bypass: Vulnerable
[    1.032650] Freeing SMP alternatives memory: 32K
[    1.049410] ftrace: allocating 32265 entries in 127 pages
[    1.156139] smpboot: APIC(0) Converting physical 0 to logical package 0
[    1.165423] smpboot: Max logical packages: 1
[    1.167322] x2apic enabled
[    1.168711] Switched APIC routing to physical x2apic.
[    1.173243] ..TIMER: vector=0x30 apic1=0 pin1=2 apic2=-1 pin2=-1
[    1.289601] smpboot: CPU0: Intel(R) Core(TM) i3-2350M CPU @ 2.30GHz (family: 0x6, model: 0x2a, stepping: 0x7)
[    1.293416] Performance Events: unsupported p6 CPU model 42 no PMU driver, software events only.
[    1.297130] KVM setup paravirtual spinlock
[    1.300131] x86: Booting SMP configuration:
[    1.302031] .... node  #0, CPUs:      #1
[    1.304310] kvm-clock: cpu 1, msr 0:3ffe3041, secondary cpu clock
[    1.306054] mce: CPU supports 0 MCE banks
[    1.309219] x86: Booted up 1 node, 2 CPUs
[    1.311467] smpboot: Total of 2 processors activated (9170.26 BogoMIPS)
[    1.314535] devtmpfs: initialized
[    1.319146] evm: security.selinux
[    1.321525] evm: security.SMACK64
[    1.323152] evm: security.SMACK64EXEC
[    1.324784] evm: security.SMACK64TRANSMUTE
[    1.326523] evm: security.SMACK64MMAP
[    1.328085] evm: security.ima
[    1.329418] evm: security.capability
[    1.331305] clocksource: jiffies: mask: 0xffffffff max_cycles: 0xffffffff, max_idle_ns: 7645041785100000 ns
[    1.335690] futex hash table entries: 512 (order: 3, 32768 bytes)
[    1.345231] pinctrl core: initialized pinctrl subsystem
[    1.347488] RTC time: 23:48:41, date: 10/11/18
[    1.349604] NET: Registered protocol family 16
[    1.362794] cpuidle: using governor ladder
[    1.378470] cpuidle: using governor menu
[    1.380416] PCCT header not found.
[    1.382009] ACPI: bus type PCI registered
[    1.383617] acpiphp: ACPI Hot Plug PCI Controller Driver version: 0.5
[    1.386745] PCI: Using configuration type 1 for base access
[    1.402805] ACPI: Added _OSI(Module Device)
[    1.405148] ACPI: Added _OSI(Processor Device)
[    1.406872] ACPI: Added _OSI(3.0 _SCP Extensions)
[    1.408524] ACPI: Added _OSI(Processor Aggregator Device)
[    1.411704] ACPI: Executed 1 blocks of module-level executable AML code
[    1.424567] ACPI: Interpreter enabled
[    1.428016] ACPI: (supports S0 S5)
[    1.429408] ACPI: Using IOAPIC for interrupt routing
[    1.435714] PCI: Using host bridge windows from ACPI; if necessary, use "pci=nocrs" and report a bug
[    1.446014] ACPI: PCI Root Bridge [PCI0] (domain 0000 [bus 00-ff])
[    1.448279] acpi PNP0A03:00: _OSC: OS supports [ASPM ClockPM Segments MSI]
[    1.450806] acpi PNP0A03:00: _OSC: not requesting OS control; OS requires [ExtendedConfig ASPM ClockPM MSI]
[    1.456608] acpi PNP0A03:00: fail to add MMCONFIG information, can't access extended PCI configuration space under this bridge.
[    1.462513] PCI host bridge to bus 0000:00
[    1.464323] pci_bus 0000:00: root bus resource [io  0x0000-0x0cf7 window]
[    1.467187] pci_bus 0000:00: root bus resource [io  0x0d00-0xffff window]
[    1.469853] pci_bus 0000:00: root bus resource [mem 0x000a0000-0x000bffff window]
[    1.473020] pci_bus 0000:00: root bus resource [mem 0x40000000-0xfdffffff window]
[    1.475966] pci_bus 0000:00: root bus resource [bus 00-ff]
[    1.480662] pci 0000:00:01.1: legacy IDE quirk: reg 0x10: [io  0x01f0-0x01f7]
[    1.483148] pci 0000:00:01.1: legacy IDE quirk: reg 0x14: [io  0x03f6]
[    1.487814] pci 0000:00:01.1: legacy IDE quirk: reg 0x18: [io  0x0170-0x0177]
[    1.490287] pci 0000:00:01.1: legacy IDE quirk: reg 0x1c: [io  0x0376]
[    1.537757] pci 0000:00:07.0: quirk: [io  0x4000-0x403f] claimed by PIIX4 ACPI
[    1.540831] pci 0000:00:07.0: quirk: [io  0x4100-0x410f] claimed by PIIX4 SMB
[    1.559517] ACPI: PCI Interrupt Link [LNKA] (IRQs 5 9 10 *11)
[    1.562635] ACPI: PCI Interrupt Link [LNKB] (IRQs 5 9 *10 11)
[    1.566109] ACPI: PCI Interrupt Link [LNKC] (IRQs 5 *9 10 11)
[    1.569224] ACPI: PCI Interrupt Link [LNKD] (IRQs 5 9 10 *11)
[    1.573212] ACPI: Enabled 2 GPEs in block 00 to 07
[    1.575735] vgaarb: setting as boot device: PCI:0000:00:02.0
[    1.577769] vgaarb: device added: PCI:0000:00:02.0,decodes=io+mem,owns=io+mem,locks=none
[    1.587740] vgaarb: loaded
[    1.589017] vgaarb: bridge control possible 0000:00:02.0
[    1.591159] SCSI subsystem initialized
[    1.592731] ACPI: bus type USB registered
[    1.594262] usbcore: registered new interface driver usbfs
[    1.596291] usbcore: registered new interface driver hub
[    1.598148] usbcore: registered new device driver usb
[    1.604118] PCI: Using ACPI for IRQ routing
[    1.606261] NetLabel: Initializing
[    1.607364] NetLabel:  domain hash size = 128
[    1.609255] NetLabel:  protocols = UNLABELED CIPSOv4
[    1.611275] NetLabel:  unlabeled traffic allowed by default
[    1.619452] amd_nb: Cannot enumerate AMD northbridges
[    1.621770] clocksource: Switched to clocksource kvm-clock
[    1.641066] AppArmor: AppArmor Filesystem Enabled
[    142963] pnp: PnP ACPI init
[    1.715327] pnp: PnP ACPI: found 3 devices

[    1.730794] clocksource: acpi_pm: mask: 0xffffff max_cycles: 0xffffff, max_idle_ns: 2085701024 ns
[    1.734963] NET: Registered protocol family 2
[    1.737387] TCP established hash table entries: 8192 (order: 4, 65536 bytes)
[    1.739726] TCP bind hash table entries: 8192 (order: 5, 131072 bytes)
[    1.742521] TCP: Hash tables configured (established 8192 bind 8192)
[    1.745014] UDP hash table entries: 512 (order: 2, 16384 bytes)
[    1.747203] UDP-Lite hash table entries: 512 (order: 2, 16384 bytes)
[    1.749550] NET: Registered protocol family 1
[    1.751406] pci 0000:00:00.0: Limiting direct PCI/PCI transfers
[    1.754106] pci 0000:00:01.0: Activating ISA DMA hag workarounds
[    1.826965] Unpking initramfs...

[    2.418574] Freeing initrd memory: 14796K
[    2.420784] RAPL PMU detected, API unit is 2^-32 Joules, 3 fixed counters 10737418240 ms ovfl timer
[    2.426135] hw unit of domain pp0-core 2^-0 Joules
[    2.428315] hw unit of domain package 2^-0 Joules
[    2.433061] hw unit of domain pp1-gpu 2^-0 Joules
[    2.435037] platform rtc_cmos: registered platform RTC device (no PNP device found)
[    2.438155] Scanning for low memory corruption every 60 seconds
[    2.442090] audit: initializing netlink subsys (disabled)
[    2.444390] audit: type=2000 audit(1539301728.681:1): initialized
[    2.447731] Initialise system trusted keyring
[    2.449787] HugeTLB registered 2 MB page size, pre-allocated 0 pages
[    2.454067] zbud: loaded
[    2.455926] VFS: Disk quotas dquot_6.6.0
[    2.458094] VFS: Dquot-cache hash table entries: 512 (order 0, 4096 bytes)
[    2.461770] squashfs: version 4.0 (2009/01/31) Phillip Lougher
[    2.464516] fuse init (API version 7.23)
[    2.466323] Key type big_key registered
[    2.468215] Allocating IMA MOK and blacklist keyrings.
[    2.473043] Key type asymmetric registered
[    2.480902] Asymmetric key parser 'x509' registered
[    2.482742] Block layer SCSI generic (bsg) driver version 0.4 loaded (major 249)
[    2.485479] io scheduler noop registered
[    2.487024] io scheduler deadline registered (default)
[    2.489162] io scheduler cfq registered
[    2.498180] pci_hotplug: PCI Hot Plug PCI Core version: 0.5
[    2.500505] pciehp: PCI Express Hot Plug Controller Driver version: 0.4
[    2.503415] ACPI: AC Adapter [AC] (on-line)
[    2.506083] input: Power Button as /devices/LNXSYSTM:00/LNXPWRBN:00/input/input0
[    2.510904] ACPI: Power Button [PWRF]
[    2.514014] input: Sleep Button as /devices/LNXSYSTM:00/LNXSLPBN:00/input/input1
[    2.516875] ACPI: Sleep Button [SLPF]
[    2.518752] GHES: HEST is not enabled!
[    2.520270] ACPI: Battery Slot [BAT0] (battery present)
[    2.523398] Serial: 8250/16550 driver, 32 ports, IRQ sharing enabled
[    2.557224] 00:02: ttyS0 at I/O 0x3f8 (irq = 4, base_baud = 115200) is a 16550A
[    2.563028] Linux agpgart interface v0.103
[    2.567053] loop: module loaded
[    2.569242] scsi host0: ata_piix
[    2.570863] scsi host1: ata_piix
[    2.572419] ata1: PATA max UDMA/33 cmd 0x1f0 ctl 0x3f6 bmdma 0xd000 irq 14
[    2.576367] ata2: PATA max UDMA/33 cmd 0x170 ctl 0x376 bmdma 0xd008 irq 15
[    2.579515] libphy: Fixed MDIO Bus: probed
[    2.583250] tun: Universal TUN/TAP device driver, 1.6
[    2.586957] tun: (C) 1999-2004 Max Krasnyansky <maxk@qualcomm.com>
[    2.589596] PPP generic driver version 2.4.2
[    2.591851] ehci_hcd: USB 2.0 'Enhanced' Host Controller (EHCI) Driver
[    2.594579] ehci-pci: EHCI PCI platform driver
[    2.603897] ehci-platform: EHCI generic platform driver
[    2.606381] ohci_hcd: USB 1.1 'Open' Host Controller (OHCI) Driver
[    2.611264] ohci-pci: OHCI PCI platform driver
[    2.613367] ohci-platform: OHCI generic platform driver
[    2.615362] uhci_hcd: USB Universal Host Controller Interface driver
[    2.617472] i8042: PNP: PS/2 Controller [PNP0303:PS2K,PNP0f03:PS2M] at 0x60,0x64 irq 1,12
[    2.622137] serio: i8042 KBD port at 0x60,0x64 irq 1
[    2.626120] serio: i8042 AUX port at 0x60,0x64 irq 12
[    2.628260] mousedev: PS/2 mouse device common for all mice
[    2.631864] input: AT Translated Set 2 keyboard as /devices/platform/i8042/serio0/input/input2
[    2.635690] rtc_cmos rtc_cmos: rtc core: registered rtc_cmos as rtc0
[    2.638171] rtc_cmos rtc_cmos: alarms up to one day, 114 bytes nvram
[    2.641001] i2c /dev entries driver
[    2.643027] device-mapper: uevent: version 1.0.3
[    2.645274] device-mapper: ioctl: 4.34.0-ioctl (2015-10-28) initialised: dm-devel@redhat.com
[    2.648439] ledtrig-cpu: registered to indicate activity on CPUs
[    2.651378] NET: Registered protocol family 10
[    2.653665] NET: Registered protocol family 17
[    2.655858] Key type dns_resolver registered
[    2.659730] registered taskstats version 1
[    2.661740] Loading compiled-in X.509 certificates
[    2.664690] Loaded X.509 cert 'Build time autogenerated kernel key: 20acc96b50ca7641011eace69d32209215a9b56f'
[    2.668450] zswap: loaded using pool lzo/zbud
[    2.673732] Key type trusted registered
[    2.682673] Key type encrypted registered
[    2.684565] AppArmor: AppArmor sha1 policy hashing enabled
[    2.686603] ima: No TPM chip found, activating TPM-bypass!
[    2.688562] ima: Allocated hash algorithm: sha1
[    2.697965] evm: HMAC attrs: 0x1
[    2.700068]   Magic number: 6:81:858
[    2.701537] rtc_cmos rtc_cmos: setting system clock to 2018-10-11 23:48:42 UTC (1539301722)
[    2.705080] BIOS EDD facility v0.16 2004-Jun-25, 0 devices found
[    2.714337] EDD information not available.
[    2.748652] Freeing unused kernel memory: 1528K
[    2.750364] Write protecting the kernel read-only data: 14336k
[    2.752931] Freeing unused kernel memory: 1672K
[    2.754933] Freeing unused kernel memory: 92K
Loading, please wait...
starting version 229
[    2.783714] random: systemd-udevd: uninitialized urandom read (16 bytes read, 3 bits of entropy available)
[    2.785067] random: udevadm: uninitialized urandom read (16 bytes read, 3 bits of entropy available)
[    2.785115] random: udevadm: uninitialized urandom read (16 bytes read, 3 bits of entropy available)
[    2.812927] random: udevadm: uninitialized urandom read (16 bytes read, 3 bits of entropy available)
[    2.813908] random: udevadm: uninitialized urandom read (16 bytes read, 3 bits of entropy available)
[    2.814371] random: udevadm: uninitialized urandom read (16 bytes read, 3 bits of entropy available)
[    2.814512] random: udevadm: uninitialized urandom read (16 bytes read, 3 bits of entropy available)
[    2.814651] random: udevadm: uninitialized urandom read (16 bytes read, 3 bits of entropy available)
[    2.814797] random: udevadm: uninitialized urandom read (16 bytes read, 3 bits of entropy available)
[    2.815056] random: udevadm: uninitialized urandom read (16 bytes read, 3 bits of entropy available)
[    2.974822] e1000: Intel(R) PRO/1000 Network Driver - version 7.3.21-k8-NAPI
[    2.984678] e1000: Copyright (c) 1999-2006 Intel Corporation.
[    2.987474] Fusion MPT base driver 3.04.20
[    2.991187] Copyright (c) 1999-2008 LSI Corporation
[    3.017527] Fusion MPT SPI Host driver 3.04.20
[    3.279854] input: ImExPS/2 Generic Explorer Mouse as /devices/platform/i8042/serio1/input/input4
[    3.433875] tsc: Refined TSC clocksource calibration: 2293.966 MHz
[    3.437053] clocksource: tsc: mask: 0xffffffffffffffff max_cycles: 0x2110f0f704f, max_idle_ns: 440795225309 ns
[    3.493945] e1000 0000:00:03.0 eth0: (PCI:33MHz:32-bit) 02:e1:e1:d1:e4:77
[    3.496284] e1000 0000:00:03.0 eth0: Intel(R) PRO/1000 Network Connection
[    3.499549] mptbase: ioc0: Initiating bringup
[    3.585336] ioc0: LSI53C1030 A0: Capabilities={Initiator}
[    4.420210] scsi host2: ioc0: LSI53C1030 A0, FwRev=00000000h, Ports=1, MaxQ=256, IRQ=20
[    5.043993] scsi 2:0:0:0: Direct-Access     VBOX     HARDDISK         1.0  PQ: 0 ANSI: 5
[    5.046506] scsi target2:0:0: Beginning Domain Validation
[    5.049730] scsi target2:0:0: Domain Validation skipping write tests
[    5.051530] scsi target2:0:0: Ending Domain Validation
[    5.055105] scsi target2:0:0: asynchronous
[    5.057122] scsi 2:0:1:0: Direct-Access     VBOX     HARDDISK         1.0  PQ: 0 ANSI: 5
[    5.059947] scsi target2:0:1: Beginning Domain Validation
[    5.089228] scsi target2:0:1: Domain Validation skipping write tests
[    5.098134] scsi target2:0:1: Ending Domain Validation
[    5.100076] scsi target2:0:1: asynchronous
[    5.142883] sd 2:0:0:0: Attached scsi generic sg0 type 0
[    5.155721] sd 2:0:0:0: [sda] 20971520 512-byte logical blocks: (10.7 GB/10.0 GiB)
[    5.164927] sd 2:0:1:0: Attached scsi generic sg1 type 0
[    5.165700] sd 2:0:1:0: [sdb] 20480 512-byte logical blocks: (10.5 MB/10.0 MiB)
[    5.165995] sd 2:0:1:0: [sdb] Write Protect is off
[    5.166158] sd 2:0:1:0: [sdb] Incomplete mode parameter data
[    5.166160] sd 2:0:1:0: [sdb] Assuming drive cache: write through
[    5.187697] sd 2:0:0:0: [sda] Write Protect is off
[    5.190076] sd 2:0:0:0: [sda] Incomplete mode parameter data
[    5.197680] sd 2:0:0:0: [sda] Assuming drive cache: write through
[    5.232803]  sda: sda1
[    5.236053] sd 2:0:1:0: [sdb] Attached SCSI disk
[    5.238337] sd 2:0:0:0: [sda] Attached SCSI disk
[    5.505748] e1000 0000:00:08.0 eth1: (PCI:33MHz:32-bit) 08:00:27:e1:80:6e
[    5.508275] e1000 0000:00:08.0 eth1: Intel(R) PRO/1000 Network Connection
[    5.531681] e1000 0000:00:08.0 enp0s8: renamed from eth1
[    5.574074] e1000 0000:00:03.0 enp0s3: renamed from eth0
Begin: Loading essential drivers ... [    7.332809] md: linear personality registered for level -1
[    7.340441] md: multipath personality registered for level -4
[    7.348047] md: raid0 personality registered for level 0
[    7.358039] md: raid1 personality registered for level 1
[    7.437878] raid6: sse2x1   gen()  4291 MB/s
[    7.505833] raid6: sse2x1   xor()  2227 MB/s
[    7.583955] raid6: sse2x2   gen()  3863 MB/s
[    7.653873] raid6: sse2x2   xor()  2772 MB/s
[    7.722054] raid6: sse2x4   gen()  4444 MB/s
[    7.790290] raid6: sse2x4   xor()  3889 MB/s
[    7.794190] raid6: using algorithm sse2x4 gen() 4444 MB/s
[    7.796186] raid6: .... xor() 3889 MB/s, rmw enabled
[    7.797813] raid6: using ssse3x2 recovery algorithm
[    7.803565] xor: automatically using best checksumming function:
[    7.850421]    avx       :  9417.000 MB/sec
[    7.857376] async_tx: api initialized (async)
[    7.887173] md: raid6 personality registered for level 6
[    7.890378] md: raid5 personality registered for level 5
[    7.901997] md: raid4 personality registered for level 4
[    7.918966] md: raid10 personality registered for level 10
done.
Begin: Running /scripts/init-premount ... done.
Begin: Mounting root file system ... Begin: Running /scripts/local-top ... done.
Begin: Running /scripts/local-premount ... [    8.000107] Btrfs loaded
Scanning for Btrfs filesystems
done.
Warning: fsck not present, so skipping root file system
[    8.242180] EXT4-fs (sda1): mounted filesystem with ordered data mode. Opts: (null)
done.
Begin: Running /scripts/local-bottom ... done.
Begin: Running /scripts/init-bottom ... done.
[    9.212735] random: nonblocking pool is initialized
[    9.697838] systemd[1]: systemd 229 running in system mode. (+PAM +AUDIT +SELINUX +IMA +APPARMOR +SMACK +SYSVINIT +UTMP +LIBCRYPTSETUP +GCRYPT +GNUTLS +ACL +XZ -LZ4 +SECCOMP +BLKID +ELFUTILS +KMOD -IDN)
[    9.715688] systemd[1]: Detected virtualization oracle.
[    9.732438] systemd[1]: Detected architecture x86-64.

Welcome to [1mUbuntu 16.04.5 LTS[0m!

[    9.809545] systemd[1]: Set hostname to <ubuntu>.
[    9.891792] systemd[1]: Initializing machine ID from random generator.
[    9.893694] systemd[1]: Installed transient /etc/machine-id file.
[   11.550741] systemd[1]: Created slice System Slice.
[[0;32m  OK  [0m] Created slice System Slice.
[   11.562189] systemd[1]: Listening on LVM2 poll daemon socket.
[[0;32m  OK  [0m] Listening on LVM2 poll daemon socket.
[   11.610856] systemd[1]: Created slice User and Session Slice.
[[0;32m  OK  [0m] Created slice User and Session Slice.
[   11.616035] systemd[1]: Reached target User and Group Name Lookups.
[[0;32m  OK  [0m] Reached target User and Group Name Lookups.
[   11.620704] systemd[1]: Listening on udev Kernel Socket.
[[0;32m  OK  [0m] Listening on udev Kernel Socket.
[   11.638065] systemd[1]: Reached target System Time Synchronized.
[[0;32m  OK  [0m] Reached target System Time Synchronized.
[   11.648341] systemd[1]: Reached target Slices.
[[0;32m  OK  [0m] Reached target Slices.
[   11.652735] systemd[1]: Created slice system-serial\x2dgetty.slice.
[[0;32m  OK  [0m] Created slice system-serial\x2dgetty.slice.
[   11.666273] systemd[1]: Listening on Journal Socket (/dev/log).
[[0;32m  OK  [0m] Listening on Journal Socket (/dev/log).
[   11.684651] systemd[1]: Listening on LVM2 metadata daemon socket.
[[0;32m  OK  [0m] Listening on LVM2 metadata daemon socket.
[   11.688881] systemd[1]: Reached target Encrypted Volumes.
[[0;32m  OK  [0m] Reached target Encrypted Volumes.
[   11.695812] systemd[1]: Listening on Syslog Socket.
[[0;32m  OK  [0m] Listening on Syslog Socket.
[   11.705935] systemd[1]: Set up automount Arbitrary Executable File Formats File System Automount Point.
[[0;32m  OK  [0m] Set up automount Arbitrary Executab...ats File System Automount Point.
[   11.744013] systemd[1]: Reached target Swap.
[[0;32m  OK  [0m] Reached target Swap.
[   11.786334] systemd[1]: Listening on Device-mapper event daemon FIFOs.
[[0;32m  OK  [0m] Listening on Device-mapper event daemon FIFOs.
[   11.799209] systemd[1]: Listening on Journal Audit Socket.
[[0;32m  OK  [0m] Listening on Journal Audit Socket.
[   11.803926] systemd[1]: Listening on udev Control Socket.
[[0;32m  OK  [0m] Listening on udev Control Socket.
[   11.831432] systemd[1]: Started Trigger resolvconf update for networkd DNS.
[[0;32m  OK  [0m] Started Trigger resolvconf update for networkd DNS.
[   11.836678] systemd[1]: Listening on Journal Socket.
[[0;32m  OK  [0m] Listening on Journal Socket.
[   11.854567] systemd[1]: Mounting POSIX Message Queue File System...
         Mounting POSIX Message Queue File System...
[   11.922259] systemd[1]: Starting Uncomplicated firewall...
         Starting Uncomplicated firewall...
[   11.969965] systemd[1]: Mounting Huge Pages File System...
         Mounting Huge Pages File System...
[   12.018849] systemd[1]: Starting Nameserver information manager...
         Starting Nameserver information manager...
[   12.041422] systemd[1]: Starting Load Kernel Modules...
         Starting Load Kernel Modules...
[   12.053863] systemd[1]: Starting Create list of required static device nodes for the current kernel...
         Starting Create list of required st... nodes for the current kernel...
[   12.102922] systemd[1]: Starting Remount Root and Kernel File Systems...
         Starting Remount Root and Kernel File Systems...
[   12.109591] systemd[1]: Starting Journal Service...
         Starting Journal Service...
[   12.125444] systemd[1]: Starting Monitoring of LVM2 mirrors, snapshots etc. using dmeventd or progress polling...
[   12.136074] EXT4-fs (sda1): re-mounted. Opts: (null)
         Starting Monitoring of LVM2 mirrors... dmeventd or progress polling...
[   12.166452] systemd[1]: Starting Set console keymap...
         Starting Set console keymap...
[   12.172132] systemd[1]: Mounting Debug File System...
         Mounting Debug File System...
[   12.179552] systemd[1]: Listening on /dev/initctl Compatibility Named Pipe.
[[0;32m  OK  [0m] Listening on[   12.189184] Loading iSCSI transport class v2.0-870.
 /dev/initctl Compatibility Named Pipe.
[   12.205650] systemd[1]: Started Forward Password Requests to Wall Directory Watch.
[[0;32m  OK  [0m] Started Forward Password Requests to Wall Directory Watch.
[   12.236955] systemd[1]: Mounted Debug File System.
[[0;32m  OK  [0m] Mounted Debu[   12.274515] iscsi: registered transport (tcp)
g File System.
[   12.282636] systemd[1]: Mounted Huge Pages File System.
[[0;32m  OK  [0m] Mounted Huge Pages File System.
[   12.288644] systemd[1]: Mounted POSIX Message Queue File System.
[[0;32m  OK  [0m] Mounted POSIX Message Queue File System.
[   12.297373] systemd[1]: Started Uncomplicated firewall.
[[0;32m  OK  [0m] Started Uncomplicated firewall.
[   12.311727] systemd[1]: Started Create list of required static device nodes for the current kernel.
[[0;32m  OK  [0m] Started Create list of required sta...ce nodes for the current kernel.
[   12.350484] systemd[1]: Started Remount Root and Kernel File Systems.
[[0;32m  OK  [0m] Started Remount Root and Kernel File Systems.
[   12.551400] systemd[1]: Starting udev Coldplug all Devices...
         Starting udev Coldplug all Devices...
[   12.583846] systemd[1]: Starting Load/Save Random Seed...
         Starting Load/Save Random Seed...
[   12.589092] systemd[1]: Starting Create Static Device Nodes in /dev...
         Starting Create Static Device Nodes in /dev...
[   12.638396] systemd[1]: Started Nameserver information manager.
[[0;32m  OK  [0m] Started Nameserver information manager.
[   12.663774] systemd[1]: Started Set console keymap.
[[0;32m  OK  [0m] Started Set console keymap.
[   12.703613] systemd[1]: Started Journal Service.
[[0;32m  OK  [0m] Started Journal Service.
         Starting Flush Journal to Persistent Storage...
[[0;32m  OK  [0m] Started Load/Save Random Seed.
[[0;32m  OK  [0m] Started udev Coldplug all Devices.
[[0;32m  OK  [0m] Started LVM2 metadata daemon.
[   12.984903] systemd-journald[382]: Received request to flush runtime journal from PID 1
[[0;32m  OK  [0m] Started Flush Journal to Persistent Storage.
[   13.299727] iscsi: registered transport (iser)
[[0;32m  OK  [0m] Started Load Kernel Modules.
         Starting Apply Kernel Variables...
         Mounting FUSE Control File System...
[[0;32m  OK  [0m] Mounted FUSE Control File System.
[[0;32m  OK  [0m] Started Monitoring of LVM2 mirrors,...ng dmeventd or progress polling.
[[0;32m  OK  [0m] Started Create Static Device Nodes in /dev.
         Starting udev Kernel Device Manager...
[[0;32m  OK  [0m] Started Apply Kernel Variables.
[[0;32m  OK  [0m] Started udev Kernel Device Manager.
[[0;32m  OK  [0m] Reached target Local File Systems (Pre).
[[0;32m  OK  [0m] Reached target Local File Systems.
         Starting Create Volatile Files and Directories...
         Starting Set console font and keymap...
         Starting LSB: AppArmor initialization...
         Starting Tell Plymouth To Write Out Runtime Data...
         Starting Initial cloud-init job (pre-networking)...
         Starting Commit a transient machine-id on disk...
[[0;32m  OK  [0m] Started Dispatch Password Requests to Console Directory Watch.
[[0;32m  OK  [0m] Started Create Volatile Files and Directories.
         Starting Update UTMP about System Boot/Shutdown...
[[0;32m  OK  [0m] Started Commit a transient machine-id on disk.
[[0;32m  OK  [0m] Started Tell Plymouth To Write Out Runtime Data.
[[0;32m  OK  [0m] Started Update UTMP about System Boot/Shutdown.
[[0;32m  OK  [0m] Found device /dev/ttyS0.
[[0;32m  OK  [0m] Listening on Load/Save RF Kill Switch Status /dev/rfkill Watch.
[[0;32m  OK  [0m] Started Set console font and keymap.
[[0;32m  OK  [0m] Created slice system-getty.slice.
[[0;32m  OK  [0m] Started LSB: AppArmor initialization.
[   20.997410] cloud-init[484]: Cloud-init v. 18.3-9-g2e62cb8a-0ubuntu1~16.04.2 running 'init-local' at Thu, 11 Oct 2018 23:49:00 +0000. Up 20.02 seconds.
[[0;32m  OK  [0m] Started Initial cloud-init job (pre-networking).
[[0;32m  OK  [0m] Reached target Network (Pre).
         Starting Raise network interfaces...
[[0;32m  OK  [0m] Started Raise network interfaces.
[[0;32m  OK  [0m] Reached target Network.
         Starting Initial cloud-init job (metadata service crawler)...
[   27.339574] cloud-init[940]: Cloud-init v. 18.3-9-g2e62cb8a-0ubuntu1~16.04.2 running 'init' at Thu, 11 Oct 2018 23:49:03 +0000. Up 22.56 seconds.
[   27.345055] cloud-init[940]: ci-info: ++++++++++++++++++++++++++++++++++++++Net device info+++++++++++++++++++++++++++++++++++++++
[   27.379538] cloud-init[940]: ci-info: +--------+-------+----------------------------+---------------+--------+-------------------+
[   27.384677] cloud-init[940]: ci-info: | Device |   Up  |          Address           |      Mask     | Scope  |     Hw-Address    |
[   27.389219] cloud-init[940]: ci-info: +--------+-------+----------------------------+---------------+--------+-------------------+
[   27.393910] cloud-init[940]: ci-info: | enp0s3 |  True |         10.0.2.15          | 255.255.255.0 | global | 02:e1:e1:d1:e4:77 |
[   27.399533] cloud-init[940]: ci-info: | enp0s3 |  True | fe80::e1:e1ff:fed1:e477/64 |       .       |  link  | 02:e1:e1:d1:e4:77 |
[   27.432939] cloud-init[940]: ci-info: | enp0s8 | False |             .              |       .       |   .    | 08:00:27:e1:80:6e |
[   27.438802] cloud-init[940]: ci-info: |   lo   |  True |         127.0.0.1          |   255.0.0.0   |  host  |         .         |
[   27.445102] cloud-init[940]: ci-info: |   lo   |  True |          ::1/128           |       .       |  host  |         .         |
[[0;32m  OK  [0m] Started Initial cloud-init job (metadata service crawler).
[[0;32m  OK  [0m] [   27.478764] Reached target Cloud-config availability.cloud-init
[940]: ci-info: +--------+-------+----------------------------+---------------+--------+-------------------+
[   27.520610] cloud-init[940]: ci-info: +++++++++++++++++++++++++++Route IPv4 info++++++++++++++++++++++++++++
[[0;32m  OK  [0m] Reached target Network is Online.
[   27.528961] cloud-init[940]: ci-info: +-------+-------------+----------+---------------+-----------+-------+
[   27.554006] cloud-init[940]:          Starting iSCSI initiator daemon (iscsid)...
[[0;32m  OK  [0m] Reached target System Initialization.
ci-info: | Route | Destination | Gateway  |    Genmask    | Interface | Flags |
[   27.601383] cloud-init[940]: ci-info: +-------+-------------+----------+---------------+-----------+-------+
         Starting Socket activation for snappy daemon.
[[0;32m  OK  [0m] Started Daily apt download activities.
[[0;32m  OK  [0m] Started Daily apt upgrade and clean activities.
[[0;32m  OK  [0m] Listening on D-Bus System Message Bus Socket.
[[0;32m  OK  [0m] Listening on UUID daemon activation socket.
[[0;32m  OK  [0m] Started Daily Cleanup of Temporary Directories.
[[0;32m  OK  [0m] Reached target Timers.
[   27.668067] cloud-init[940]: ci-info: |   0   |   0.0.0.0   | 10.0.2.2 |    0.0.0.0    |   enp0s3  |   UG  |
[   27.723433] cloud-init[940]: ci-info: |   1   |   10.0.2.0  | 0.0.0.0  | 255.255.255.0 |   enp0s3  |   U   |
[   27.740720] cloud-init[940]: ci-info: +-------+-------------+----------+---------------+-----------+-------+
[   27.746317] cloud-init[940]: ci-info: +++++++++++++++++++Route IPv6 info+++++++++++++++++++
[[0;32m  OK  [0m] Started ACPI Events Check.
[   27.767486] cloud-init[940]: ci-info: +-------+-------------+---------+-----------+-------+
[[0;32m  OK  [0m] Reached target Paths.
[   27.802590] cloud-init[940]: ci-info: | Route | Destination | Gateway | Interface | Flags |
[   27.812890] cloud-init[940]: ci-info: +-------+-------------+---------+-----------+-------+
[   27.813226] cloud-init[940]: ci-info: |   0   |  fe80::/64  |    ::   |   enp0s3  |   U   |
[   27.814144] cloud-init[940]: ci-info: |   3   |   ff00::/8  |    ::   |   enp0s3  |   U   |
[   27.814969] cloud-init[940]: ci-info: +-------+-------------+---------+-----------+-------+
[   27.815118] cloud-init[940]: Generating public/private rsa key pair.
[   27.815282] cloud-init[940]: Your identification has been saved in /etc/ssh/ssh_host_rsa_key.
[   27.815431] cloud-init[940]: Your public key has been saved in /etc/ssh/ssh_host_rsa_key.pub.
[   27.815573] cloud-init[940]: The key fingerprint is:
[   27.815779] cloud-init[940]: SHA256:r7G84CkWuZ0GRz0ewqOMwM751x07+uif7Wzb5DOFKJU root@ubuntu-xenial
[   27.815927] cloud-init[940]: The key's randomart image is:
[   27.816067] cloud-init[940]: +---[RSA 2048]----+
[[0;32m  OK  [0m] Listening on ACPID Listen Socket.
[   27.816355] cloud-init[940]: |                 |
[   27.958143] cloud-init[940]: |                 |
[   27.984921] cloud-init[940]: |.    . .    .    |
         Starting LXD - unix socket.
[   27.991219] cloud-init[940]: |..    = +  E     |
[   28.009487] cloud-init[940]: |o..o + +So. . .  |
[   28.039676] cloud-init[940]: | +. * . .+ . . . |
[   28.043759] cloud-init[[0;32m  OK  [0m] Listening on Socket activation for snappy daemon.
[[0;32m  OK  [0m] Listening on LXD - unix socket.
[940]: |  .  *o.o =  ..  |
[   28.050349] cloud-init[940]: |   .+o+=.B+.+o   |
[   28.059059] cloud-init[[0;32m  OK  [0m] Reached target Sockets.
[[0;32m  OK  [0m] Reached target Basic System.
[940]: |   ..o++O=+=.oo  |
         Starting Login Service...
[   28.111582] cloud-init[940]: +----[SHA256]-----+
[   28.118975] cloud-init[940]: Generating public/private dsa key pair.
[   28.124883]          Starting Virtualbox guest utils...
cloud-init[940]: [[0;32m  OK  [0m] Started FUSE filesystem for LXC.
Your identification has been saved in /etc/ssh/ssh_host_dsa_key.
[   28.156980] [[0;32m  OK  [0m] Started D-Bus System Message Bus.
cloud-init[940]: Your public key has been saved in /etc/ssh/ssh_host_dsa_key.pub.
[   28.186534] cloud-init[940]: The key fingerprint is:
[   28.190576] cloud-init[940]: SHA256:LZClg0oAPCfkN4biK7+/wFUsnCK3VeH9yEaIZ2EQ/6A root@ubuntu-xenial
[   28.197016] cloud-init[940]: The key's randomart image is:
[   28.200882] cloud-init[940]: +---[DSA 1024]----+
[   28.204834] cloud-init[940]: |*.  oo=..        |
[   28.208469] cloud-init[940]: |.=.o X B         |
[   28.213715] cloud-init[940]: |ooB+B # o        |
[   28.217658] cloud-init[940]: |o+o=.* B +       |
[   28.222305] cloud-init[940]: | .o E   S o      |
[   28.226605] cloud-init[940]: | ...   . .       |
[   28.231270] cloud-init[940]: |..o              |
[   28.235006] cloud-init[940]: |.. .             |
[   28.239084] cloud-init[940]: |  ooo.           |
[   28.243348] cloud-init[940]: +----[SHA256]-----+
[   28.247160] cloud-init[940]: Generating public/private ecdsa key pair.
[   28.251255] cloud-init[940]: Your identification has been saved in /etc/ssh/ssh_host_ecdsa_key.
[   28.266936] cloud-init[940]: Your public key has been saved in /etc/ssh/ssh_host_ecdsa_key.pub.
[   28.277619] cloud-init[940]: The key fingerprint is:
[   28.281417] cloud-init[940]: SHA256:w+461Ph6orHAtF2dtExmRK6gTPJqb4m8wPkeQE7eU9k root@ubuntu-xenial
[   28.300941] cloud-init[940]: The key's randomart image is:
[   28.312013] cloud-init[940]: +---[ECDSA 256]---+
[   28.316056] cloud-init[940]: |       .o        |
[   28.325053] cloud-init[940]: |      oo         |
[   28.328896] cloud-init[940]: |.o. .o E*        |
[   28.342556] cloud-init[940]: |==.... X o       |
[   28.357283] cloud-init[940]: | +=o  ooS        |
[   28.360039] cloud-init[940]: |.+oo..o...       |
[   28.362679] cloud-init[940]: |++=.+. ..        |
[   28.372609] cloud-init[940]: |ooo+.oo.o        |
[   28.397319] cloud-init[940]: | .++o.o*.        |
[   28.400466] cloud-init[940]: +----[SHA256]-----+
[   28.403184] cloud-init[940]: Generating public/private ed25519 key pair.
[   28.452986] cloud-init[940]: Your identification has been saved in /etc/ssh/ssh_host_ed25519_key.
[   28.507000] cloud-init[940]: Your public key has been saved in /etc/ssh/ssh_host_ed25519_key.pub.
[   28.510565] cloud-init[940]: The key fingerprint is:
[   28.521562] cloud-init[940]: SHA256:XLJJnhWOgRH24RWtYaXdcW4A/IiN7MHcBIfd9ItjRB8 root@ubuntu-xenial
[   28.544931] cloud-init[940]: The key's randomart image is:
[   28.547944] cloud-init[940]: +--[ED25519 256]--+
[   28.563980] cloud-init[940]: |      ++o =O+=+E.|
[   28.604595] cloud-init[940]: |     ..o *+=*.o*.|
[   28.607879] cloud-init[940]: |        *==O.+..+|
[   28.610589] cloud-init[940]: |       + BO = o..|
[   28.613147] cloud-init[940]: |        S. . + . |
[   28.628910] cloud-init[940]: |          . . .  |
[   28.631516] cloud-init[940]: |                 |
[   28.648671] cloud-init[940]: |                 |
[   28.651507] cloud-init[940]: |                 |
[   28.659702] cloud-init[940]: +----[SHA256]-----+
         Starting Pollinate to seed the pseudo random number generator...
[[0;32m  OK  [0m] Started Deferred execution scheduler.
[[0;32m  OK  [0m] Started Unattended Upgrades Shutdown.
[[0;32m  OK  [0m] Started ACPI event daemon.
[[0;32m  OK  [0m] Started Regular background program processing daemon.
         Starting LSB: Record successful boot for GRUB...
         Starting Accounts Service...
         Starting System Logging Service...
         Starting LXD - container startup/shutdown...
         Starting LSB: MD monitoring daemon...
         Starting /etc/rc.local Compatibility...
         Starting Snappy daemon...
[[0;32m  OK  [0m] Started iSCSI initiator daemon (iscsid).
[[0;32m  OK  [0m] Started /etc/rc.local Compatibility.
         Starting Login to default iSCSI targets...
[[0;32m  OK  [0m] Started Login Service.
[[0;32m  OK  [0m] Started LSB: Record successful boot for GRUB.
[[0;32m  OK  [0m] Started Login to default iSCSI targets.
[[0;32m  OK  [0m] Reached target Remote File Systems (Pre).
[[0;32m  OK  [0m] Reached target Remote File Systems.
         Starting LSB: automatic crash report generation...
         Starting LSB: Set the CPU Frequency Scaling governor to "ondemand"...
         Starting Permit User Sessions...
         Starting LSB: daemon to balance interrupts for SMP systems...
[[0;32m  OK  [0m] Started LSB: MD monitoring daemon.
[[0;32m  OK  [0m] Started LSB: Set the CPU Frequency Scaling governor to "ondemand".
[[0;32m  OK  [0m] Started Permit User Sessions.
         Starting Hold until boot process finishes up...
         Starting Terminate Plymouth Boot Screen...
[[0;32m  OK  [0m] Started Hold until boot process finishes up.
[[0;32m  OK  [0m] Started Terminate Plymouth Boot Screen.
[[0;32m  OK  [0m] Started Serial Getty on ttyS0.
[[0;32m  OK  [0m] Started Getty on tty1.
[[0;32m  OK  [0m] Reached target Login Prompts.
         Starting Set console scheme...
[[0;32m  OK  [0m] Started System Logging Service.
[[0;32m  OK  [0m] Started LSB: automatic crash report generation.
[[0;32m  OK  [0m] Started Set console scheme.
[[0;32m  OK  [0m] Started LSB: daemon to balance interrupts for SMP systems.
[[0;32m  OK  [0m] Started Virtualbox guest utils.
         Starting Authenticate and Authorize Users to Run Privileged Tasks...
[[0;32m  OK  [0m] Started Authenticate and Authorize Users to Run Privileged Tasks.
[[0;32m  OK  [0m] Started Accounts Service.

Ubuntu 16.04.5 LTS ubuntu-xenial ttyS0

ubuntu-xenial login: [   50.036069] cloud-init[1543]: Generating locales (this might take a while)...
[   52.863516] cloud-init[1543]:   en_US.UTF-8... done
[   52.864346] cloud-init[1543]: Generation complete.
[   57.155026] cloud-init[1543]: Cloud-init v. 18.3-9-g2e62cb8a-0ubuntu1~16.04.2 running 'modules:config' at Thu, 11 Oct 2018 23:49:30 +0000. Up 49.52 seconds.
ci-info: no authorized ssh keys fingerprints found for user ubuntu.
<14>Oct 11 23:49:39 ec2: 
<14>Oct 11 23:49:39 ec2: #############################################################
<14>Oct 11 23:49:39 ec2: -----BEGIN SSH HOST KEY FINGERPRINTS-----
<14>Oct 11 23:49:39 ec2: 1024 SHA256:LZClg0oAPCfkN4biK7+/wFUsnCK3VeH9yEaIZ2EQ/6A root@ubuntu-xenial (DSA)
<14>Oct 11 23:49:39 ec2: 256 SHA256:w+461Ph6orHAtF2dtExmRK6gTPJqb4m8wPkeQE7eU9k root@ubuntu-xenial (ECDSA)
<14>Oct 11 23:49:39 ec2: 256 SHA256:XLJJnhWOgRH24RWtYaXdcW4A/IiN7MHcBIfd9ItjRB8 root@ubuntu-xenial (ED25519)
<14>Oct 11 23:49:39 ec2: 2048 SHA256:r7G84CkWuZ0GRz0ewqOMwM751x07+uif7Wzb5DOFKJU root@ubuntu-xenial (RSA)
<14>Oct 11 23:49:39 ec2: -----END SSH HOST KEY FINGERPRINTS-----
<14>Oct 11 23:49:39 ec2: #############################################################
-----BEGIN SSH HOST KEY KEYS-----
ecdsa-sha2-nistp256 AAAAE2VjZHNhLXNoYTItbmlzdHAyNTYAAAAIbmlzdHAyNTYAAABBBFDr9u0oNiykU1GH4vfSa6SMpM2YRTenwgkMp3XFsWbpe15m8rnhdQSBp6qBUCvY91yX08unbCfp/eNtXzRppeg= root@ubuntu-xenial
ssh-ed25519 AAAAC3NzaC1lZDI1NTE5AAAAIKTtXqg5J8PQvSiyLHnC/25FvFB0Y28r9hD558jG2gJy root@ubuntu-xenial
ssh-rsa AAAAB3NzaC1yc2EAAAADAQABAAABAQDB6MBr3PaT5xFVPAVGleHrMAz3jBPEfL2IgxV91Nwpv5xRSO3K5ehvlyEL6/RVSXenOrqPIU9i9OuIugNfASglW+K08hM+v/goiUcg3jOM1czIQGv6Cw0EiCbcIquybPMOgG6TY2L5TdSytE08RpMtskr/wh0X3D/yqhqhCuLH35q+2VeJdCqaKbzzhmlP/le4raQL3duKA7nOlVW1uZ/ywP1btbJok4+FSSoV6LgYJaPm7pDtPmwlf8BTYpD/5Od0bxP4T24/ETzuxo1I67q3V85xm/w/EWVDqPo1FmN8X5AwupsS9SCjhLIk2IvdUXRchbwMnKCapjfdkTapiIRr root@ubuntu-xenial
-----END SSH HOST KEY KEYS-----
[   58.440484] cloud-init[1928]: Cloud-init v. 18.3-9-g2e62cb8a-0ubuntu1~16.04.2 running 'modules:final' at Thu, 11 Oct 2018 23:49:38 +0000. Up 57.78 seconds.
[   58.441022] cloud-init[1928]: ci-info: no authorized ssh keys fingerprints found for user ubuntu.
[   58.441640] cloud-init[1928]: Cloud-init v. 18.3-9-g2e62cb8a-0ubuntu1~16.04.2 finished at Thu, 11 Oct 2018 23:49:39 +0000. Datasource DataSourceNoCloud [seed=/dev/sdb][dsmode=net].  Up 58.41 seconds
