[  0.000000] Initializing cgroup subsys cpuset
[    0.000000] Initializing cgroup subsys cpu
[    0.000000] Initializing cgroup subsys cpuacct
[    0.000000] Linux version 4.4.0-137-genec (buildd@lgw01-amd64-037) (gcc version 5.4.0 20160609 (Ubuntu 5.4.0-6ubuntu1~16.04.10) ) #163-Ubuntu SMP Mon Sep 24 13:14:43 UTC 2018 (Ubuntu 4.4.0-137.163-generic.4.144)
[   .000000] Comad line: BOOT_IMAGE=/boot/vmlinuz-4.4.0-137-generic root=LABEL=cloudimg-rootfs ro console=tty1 console=ttyS0
[  0.000000] KERNEL supported cpus:[    0.000000]   Intel GenuineIntel
[    0.000000]   AMD AuthenticAMD
[    0.000000]  Centaur CentaurHauls
[    0.000000] x86/fpu: xsate_offet2]:  576, xstate_sizes[2]:  256
[    0.000000] x86/fpu: Supporting XSAVE feature 0x01: 'x87 floating point registers'
[    0.000000] x86/fpu: Supporting XSAVE feature 0x02: 'SSE registers'
[    0.000000] x86/fpu: Supporting XSAVE feature 0x04: 'AVX registers'
[    0.000000] x86/fpu: Enabled xstate features 0x7, context size is 832 bytes, using 'standard' format.
[    0.000000] e820: BIOS-provided physical RAM map:
[    0.000000] BIOS-e820: [mem 0x0000000000000000-0x000000000009fbff] usable
[    0.000000] BIOS-e820: [mem 0x000000000009fc00-0x000000000009ffff] reserved
[    0.000000] BIOS-e820: [mem 0x00000000000f0000-0x00000000000fffff] reserved
[    0.000000] BIOS-e820: [mem 0x0000000000100000-0x000000003ffeffff] usable
[    0.000000] BIOS-e820: [mem 0x000000003fff0000-0x000000003fffffff] ACPI data
[    0.000000] BIOS-e820: [mem 0x00000000fec00000-0x00000000fec00fff] reserved
[    0.000000] BIOS-e820: [mem 0x00000000fee00000-0x00000000fee00fff] reserved
[    0.000000] BIOS-e820: [mem 0x00000000fffc0000-0x00000000ffffffff] reserved
[    0.000000] NX (Execute Disable) protection: active
[    0.000000] SMBIOS 2.5 present.
[    0.000000] Hypervisor detected: KVM
[    0.000000] e820: last_pfn = 0x3fff0 max_arch_pfn = 0x40000000
    0.000000] MTRR: Dabled
[    0.000000] x86/PAT: MTRRs disabled,skpping PAT initialization too.
[    0.000000] CPU MTRRs all blank - virtualized system.
[    0.000000] x86/PAT: Configuration [0-7]: WB  WT  UC- UC  WB  WT  UC- UC  
[    0.000000] found SMP MP-table at [mem 0x0009fff0-0x0009ffff] mapped at [ffff88000009fff0]
[    0.000000] Scanning 1 areas for low memory corruption
[    0.000000] RAAMDISK: [mem 0x3630a000-03717cfff]
[    0.000000] ACPI: Early table checksum verification disabled
[    0.000000] ACPI: RSDP 0x00000000000E0000 000024 (v02 VBOX  )
[    0.000000] ACPI: XSDT 0x000000003FFF0030 00003C (v01 VBOX   VBOXXSDT 00000001 ASL  00000061)
[    0.000000] ACPI: FACP 0x000000003FFF00F0 0000F4 (v04 VBOX   VBOXFACP 00000001 ASL  00000061)
[    0.000000] ACPI: DSDT 0x000000003FFF0470 0021FF (v02 VBOX   VBOXBIOS 00000002 INTL 20100528)
[    0.000000] ACPI: FACS 0x000000003FFF0200 000040
[    0.000000] ACPI: FACS 0x000000003FFF0200 000040
[    0.000000] ACPI: APIC 0x000000003FFF0240 00005C (v02 VBOX   VBOXAPIC 00000001 ASL  00000061)
[    0.000000] ACPI: SSDT 0x000000003FFF02A0 0001CC (v1 VBOOX   VBOXCPUT 00000002 INTL 20100528)
[    0.000000] No NUMA configuration found
[    0.000000] Faking a node at [mem 0x0000000000000000-0x000000003ffeffff]
[    0.000000] NODE_DATA(0) allocated [mem 0x3ffeb000-0x3ffeffff]
[    0.000000] kvm-clock: Using msrs 4b564d01 and 4b564d00
[    0.000000] kvm-clock: cpu 0, msr 0:3ffe3001, primary cpu clock
[    0.000000] kvm-clock: using sched offset of 4319478212 cycles
[    0.000000] clocksource: kvm-clock: mask: 0xffffffffffffffff max_cycles: 0x1cd42e4dffb, max_idle_ns: 881590591483 ns
[    0.000000] Zone ranges:
[    0.000000]   DMA      [mem 0x0000000000001000-0x0000000000ffffff]
[    0.000000]   DMA32    [mem 0x0000000001000000-0x000000003ffeffff]
[    0.000000]   Normal   empty
[    0.000000]   Device   empty
[    0.000000] Movable zone start for each node
[    0.000000] Early memory node ranges
[    0.000000]   node   0: [mem 0x0000000000001000-0x000000000009efff]
[    0.000000]   node   0: [mem 0x0000000000100000-0x000000003ffeffff]
[    0.000000] Initmem seup node 0 [mem 0x0000000000001000-0x000000003ffefffff]
[    0.000000] ACPI: PM-Timer IO Port: 0x4008
[    0.000000] IOAPIC[0]: apic_id 2, version 32, address 0xfec00000, GSI 0-23
[    0.000000] ACPI: INT_SRC_OVR (bus 0 bus_irq 0 global_irq 2 dfl dfl)
[    0.000000] ACPI: INT_SRC_OVR(bus 0 bus_irq 9 global_irq 9 low level)
[    0.000000] Using ACPI (MADT) for SMP configuration information
[    0.000000] smpboot: Allowing 2 CPUs, 0 hotplug CPUs
[    0.000000] PM: Registered nosave memory: [mem 0x00000000-0x00000fff]
[    0.000000] PM: Registered nosave memory: [mem 0x0009f000-0x0009ffff]
[    0.000000] PM: Registered nosave memory: [mem 0x000a0000-0x000effff]
[    0.000000] PM: Registered nosave memory: [mem 0x000f0000-0x000fffff]
[    0.00000] e820: [mem 0x40000000-0xfebfffff] available for PCI devices
[    0.000000] Booting paravirtualized kernel on KVM
[    0.000000] clocksource: refined-jiffies: mask: 0xffffffff max_cycles: 0xffffffff, max_idle_ns: 7645519600211568 ns
[    0.000000] setup_percpu: NR_CPUS:512 nr_cpumask_bits:512 nr_cpu_ids:2 nr_node_ids:1
[    0.000000] PERCPU: Embedded 34 pages/cpu @ffff88003fc00000 s99608 r8192 d31464 u104856
[    0.000000] PV qspinlock hash table entries: 256 (oder: 0, 4096 bytes)
[    0.000000] Built 1 zonelists in Node order, mobility grouping on.  Total pages: 257912
[    0.000000] Policy zone: DMA32
[    0.000000] Kernel command line: BOOT_IMAGE=/boot/vmlinuz-4.4.0-137-generic root=LABEL=cloudimg-rootfs ro console=tty1 console=ttyS0
[    0.000000] PID hash table entries: 4096 (order: 3, 32768 bytes)
[    0.000000] Memory: 997708K/1048120K available (8555K kernel code, 1314K rwdata, 4004K rodata, 1528K init, 1316K bss, 50412K reserved, 0K cma-reserved)
[    0.000000] SLUB: HWalign=64, Order=0-3, MinObjects=0, CPUs=2, Nodes=1
[    0.000000] Kernel/User page tables isolation: enabled
[    0.000000] Hierarchical RCU implementation.
[    0.000000] 	Build-time adjustment of leaf fanout to 64.
[    0.000000] 	RCU restricting CPUs from NR_CPUS=512 to nr_cpu_ids=2.
[    0.000000] RCU: Adjusting geometry for rcu_fanout_leaf=64, nr_cpu_ids=2
[    0.000000] NR_IRQS:33024 nr_irqs:440 16
[    0.000000] onsole: colour VGA+ 80x25
[    0.000000] console [tty1] enabled
[    0.000000] console [ttyS0] enabled
[    0.000000] tsc: Detected 2292.562 MHz processor
[    1.292116] Calibrating delay loop (skipped) preset value.. 4585.12 BogoMIPS (lpj=9170248)
[    1.296084] pid_max: default: 32768 minimu: 301
[    1.343543] ACPI: Core revision 20150930
[    1.346987] ACPI: 2 ACPI AML tables successfully acquired and loaded
[    1.349322] Security Framework initialized
[    1.351166] Yama: becoming mindful.
[    1.352467] AppArmor: AppArmor initialized
[    1.354654] Dentry cache hash table entries: 131072 (order: 8, 1048576 bytes)
[    1.359683] Inode-cache hash table entries: 65536 (order: 7, 524288 bytes)
[    1.362031] Mount-cache hash table entries: 2048 (order: 2, 16384 bytes)
[    1.364292] Mountpoint-cache hash table entries: 2048 (order: 2, 16384 bytes)
[    1.368972] Initializing cgroup subsys io
[    1.370928] Initializing cgroup subsys memory
[    1.372948] Initializing cgroup subsys devices
[    1.375020] Initializing cgroup subsys freezer
[    1.377060] Initializing cgroup subsys net_cls
[    1.379099] Initializing cgroup subsys perf_event
[    1.381192] Initializing cgroup subsys net_prio
[    1.383217] Initializing cgroup subsys hugetlb
[    1.385241] Initializing cgroup subsys pids
[    1.387512] mce: CPU supports 0 MCE banks
[    1.389507] Last level iTLB entries: 4KB 512, 2MB 8, 4MB 8
[    1.394642] Last level dTLB entries: 4KB 512, 2MB 32, 4MB 32, 1GB 0
[    1.397113] Spectre V2 : Mitigation: Full generic retpoline
[    1.399432] Spectre V2 : Spectre v2 mitigation: Speculation control IBPB not-supported IBRS not-supported
[    1.403039] Spectre V2 : Spectre v2 / SpectreRSB mitigation: Filling RSB on context switch
[    1.408982] Speculative Store Bypass: Vulnerable
[    1.417208] Freeing SMP alternatives memory: 32K
[    1.438835] ftrace: allocating 32265 entries in 127 pages
[    1.559987] smpboot: APIC(0) Converting physical 0 to logical package 0
[    1.561854] smpboot: Max logical packages: 1
[    1.563591] x2apic enabled
[    1.564883] Switched APIC routing to physical x2apic.
[    1.567974] ..TIMER: vector=0x30 apic1=0 pin1=2 apic2=-1 pin2=-1
[    1.675870] smpboot: CPU0: Intel(R) Core(TM) i3-2350M CPU @ 2.30GHz (family: 0x6, model: 0x2a, stepping: 0x7)
[    1.679867] Performance Events: unsupported p6 CPU model 42 no PMU driver, software events only.
[    1.683909] KVM setup paravirtual spinlock
[    1.687130] x86: Booting SMP configuration:
[    1.688966] .... node  #0, CPUs:      #1
[    1.690812] kvm-clock: cpu 1, msr 0:3ffe3041, secondary cpu clock
[    1.698558] mce: CPU supports 0 MCE banks
[    1.701598] x86: Booted up 1 node, 2 CPUs
[    1.704698] smpboot: Total of 2 processors activated (9170.24 BogoMIPS)
[    1.709692] devtmpfs: initialized
[    1.713381] evm: security.selinux
[    1.714859] evm: security.SMACK64
[    1.724399] evm: security.SMACK64EXEC
[    1.735851] evm: security.SMACK64TRANSMUTE
[    1.737453] evm: security.SMACK64MMAP
[    1.738811] evm: security.ima
[    1.739827] evm: security.capability
[    1.741503] clocksource: jiffies: mask: 0xffffffff max_cycles: 0xffffffff, max_idle_ns: 7645041785100000 ns
[    1.751249] futex hash table entries: 512 (order: 3, 32768 bytes)
[    1.753250] pinctrl core: initialized pinctrl subsystem
[    1.754900] RTC time: 17:12:07, date: 10/12/18
[    1.756402] NET: Registered protocol family 16
[    1.774409] cpuidle: using governor ladder
[    1.790021] cpuidle: using governor menu
[    1.792988] PCCT header not found.
[    1.797259] ACPI: bus type PCI registered
[    1.798800] acpiphp: ACPI Hot Plug PCI Controller Driver version: 0.5
[    1.800990] PCI: Using configuration type 1 for base access
[    1.818541] ACPI: Added _OSI(Module Device)
[    1.820083] ACPI: Added _OSI(Processor Device)
[    1.828101] ACPI: Added _OSI(3.0 _SCP Extensions)
[    1.834177] ACPI: Added _OSI(Processor Aggregator Device)
[    1.836692] ACPI: Executed 1 blocks of module-level executable AML code
[    1.842659] ACPI: Interpreter enabled
[    1.843876] ACPI: (supports S0 S5)
[    1.844993] ACPI: Using IOAPIC for interrupt routing
[    1.847031] PCI: Using host bridge windows from ACPI; if necessary, use "pci=nocrs" and report a bug
[    1.859002] ACPI: PCI Root Bridge [PCI0] (domain 0000 [bus 00-ff])
[    1.861207] acpi PNP0A03:00: _OSC: OS supports [ASPM ClockPM Segments MSI]
[    1.863108] acpi PNP0A03:00: _OSC: not requesting OS control; OS requires [ExtendedConfig ASPM ClockPM MSI]
[    1.868843] acpi PNP0A03:00: fail to add MMCONFIG information, can't access extended PCI configuration space under this bridge.
[    1.873149] PCI host bridge to bus 0000:00
[    1.875972] pci_bus 0000:00: root bus resource [io  0x0000-0x0cf7 window]
[    1.878133] pci_bus 0000:00: root bus resource [io  0x0d00-0xffff window]
[    1.880058] pci_bus 0000:00: root bus resource [mem 0x000a0000-0x000bffff window]
[    1.891044] pci_bus 0000:00: root bus resource [mem 0x40000000-0xfdffffff window]
[    1.893441] pci_bus 0000:00: root bus resource [bus 00-ff]
[    1.897622] pci 0000:00:01.1: legacy IDE quirk: reg 0x10: [io  0x01f0-0x01f7]
[    1.900731] pci 0000:00:01.1: legacy IDE quirk: reg 0x14: [io  0x03f6]
[    1.902817] pci 0000:00:01.1: legacy IDE quirk: reg 0x18: [io  0x0170-0x0177]
[    1.904627] pci 0000:00:01.1: legacy IDE quirk: reg 0x1c: [io  0x0376]
[    1.946419] pci 0000:00:07.0: quirk: [io  0x4000-0x403f] claimed by PIIX4 ACPI
[    1.965476] pci 0000:00:07.0: quirk: [io  0x4100-0x410f] claimed by PIIX4 SMB
[    1.982225] ACPI: PCI Interrupt Link [LNKA] (IRQs 5 9 10 *11)
[    1.984719] ACPI: PCI Interrupt Link [LNKB] (IRQs 5 9 *10 11)
[    1.987031] ACPI: PCI Interrupt Link [LNKC] (IRQs 5 *9 10 11)
[    1.989426] ACPI: PCI Interrupt Link [LNKD] (IRQs 5 9 10 *11)
[    1.994154] ACPI: Enabled 2 GPEs in block 00 to 07
[    2.015246] vgaarb: setting as boot device: PCI:0000:00:02.0
[    2.036021] vgaarb: device added: PCI:0000:00:02.0,decodes=io+mem,owns=io+mem,locks=none
[    2.065697] vgaarb: loaded
[    2.072040] vgaarb: bridge control possible 0000:00:02.0
[    2.077340] SCSI subsystem initialized
[    2.082429] ACPI: bus type USB registered
[    2.085437] usbcore: registered new interface driver usbfs
[    2.087855] usbcore: registered new interface driver hub
[    2.097062] usbcore: registered new device driver usb
[    2.101213] PCI: Using ACPI for IRQ routing
[    2.103438] NetLabel: Initializing
[    2.106622] NetLabel:  domain hash size = 128
[    2.116074] NetLabel:  protocols = UNLABELED CIPSOv4
[    2.140558] NetLabel:  unlabeled traffic allowed by default
[    2.163630] amd_nb: Cannot enumerate AMD northbridges
[    2.172951] clocksource: Switched to clocksource kvm-clock
[    2.198182] AppArmor: AppArmor Filesystem Enabled
[    2.200266] pnp: PnP ACPI init
[    2.203125] pnp: PnP ACP found 3 devices

[    2.282606] clocksource: acpi_pm: mask: 0xffffff max_cycles: 0xffffff, max_idle_ns: 2085701024 ns
[    2.286273] NET: Registered protocol family 2
[    2.288107] TCP established hash table entries: 8192 (order: 4, 65536 bytes)
[   2.290916] TCP bind hash table entries: 8192 (order: 5, 131072 bytes)
[    2.32347] TCP: Hash tables configured (established 8192 bind 8192)
[    2.358051] UDP hash table entries: 512 (order: 2, 16384 bytes)
[    2.359755] UDP-Lite hash table entries: 512 (order: 2, 16384 bytes)
[    2.361578] NET: Registered protocol family 1
[    2.362925] pci 0000:00:00.0: Limiting direct PCI/PCI transfers
[    2.3565] pci 0000:00:01.0: Activating ISA DMA hang workarounds
[    2.424471] Unpacking initramfs...

[    2.752196] Freeing initrd memory: 14796K
[    2.764341] RAPL PMU detected, API unit is 2^-32 Joules, 3 fixed counters 10737418240 ms ovfl timer
[    2.770274] hw unit of domain pp0-core 2^-0 Joules
[    2.782571] hw unit of domain package 2^-0 Joules
[    2.793615] hw unit of domain pp1-gpu 2^-0 Joules
[    2.815796] platform rtc_cmos: registered platform RTC device (no PNP device found)
[    2.830600] Scanning for low memory corruption every 60 seconds
[    2.858613] audit: initializing netlink subsys (disabled)
[    2.876370] audit: type=2000 audit(1539364332.098:1): initialized
[    2.907384] Initialise system trusted keyring
[    2.938135] HugeTLB registered 2 MB page size, pre-allocated 0 pages
[    2.942668] zbud: loaded
[    2.944342] VFS: Disk quotas dquot_6.6.0
[    2.946123] VFS: Dquot-cache hash table entries: 512 (order 0, 4096 bytes)
[    2.948659] squashfs: version 4.0 (2009/01/31) Phillip Lougher
[    2.951081] fuse init (API version 7.23)
[    2.955215] Key type big_key registered
[    2.956642] Allocating IMA MOK and blacklist keyrings.
[    2.961013] Key type asymmetric registered
[    2.989834] Asymmetric key parser 'x509' registered
[    2.991578] Block layer SCSI generic (bsg) driver version 0.4 loaded (major 249)
[    3.002580] io scheduler noop registered
[    3.004031] io scheduler deadline registered (default)
[    3.005853] io scheduler cfq registered
[    3.015010] pci_hotplug: PCI Hot Plug PCI Core version: 0.5
[    3.036626] pciehp: PCI Express Hot Plug Controller Driver version: 0.4
[    3.039044] ACPI: AC Adapter [AC] (on-line)
[    3.040606] input: Power Button as /devices/LNXSYSTM:00/LNXPWRBN:00/input/input0
[    3.043279] ACPI: Power Button [PWRF]
[    3.044756] input: Sleep Button as /devices/LNXSYSTM:00/LNXSLPBN:00/input/input1
[    3.047456] ACPI: Sleep Button [SLPF]
[    3.052118] ACPI: Battery Slot [BAT0] (battery present)
[    3.054100] GHES: HEST is not enabled!
[    3.055614] Serial: 8250/16550 driver, 32 ports, IRQ sharing enabled
[    3.081351] 00:02: ttyS0 at I/O 0x3f8 (irq = 4, base_baud = 115200) is a 16550A
[    3.085854] Linux agpgart interface v0.103
[    3.090118] loop: module loaded
[    3.100552] scsi host0: ata_piix
[    3.117825] scsi host1: ata_piix
[    3.119134] ata1: PATA max UDMA/33 cmd 0x1f0 ctl 0x3f6 bmdma 0xd000 irq 14
[    3.121794] ata2: PATA max UDMA/33 cmd 0x170 ctl 0x376 bmdma 0xd008 irq 15
[    3.131053] libphy: Fixed MDIO Bus: probed
[    3.145005] tun: Universal TUN/TAP device driver, 1.6
[    3.146845] tun: (C) 1999-2004 Max Krasnyansky <maxk@qualcomm.com>
[    3.148971] PPP generic driver version 2.4.2
[    3.164641] ehci_hcd: USB 2.0 'Enhanced' Host Controller (EHCI) Driver
[    3.175177] ehci-pci: EHCI PCI platform driver
[    3.176965] ehci-platform: EHCI generic platform driver
[    3.179031] ohci_hcd: USB 1.1 'Open' Host Controller (OHCI) Driver
[    3.181095] ohci-pci: OHCI PCI platform driver
[    3.182655] ohci-platform: OHCI generic platform driver
[    3.184520] uhci_hcd: USB Universal Host Controller Interface driver
[    3.193549] i8042: PNP: PS/2 Controller [PNP0303:PS2K,PNP0f03:PS2M] at 0x60,0x64 irq 1,12
[    3.202997] serio: i8042 KBD port at 0x60,0x64 irq 1
[    3.206554] serio: i8042 AUX port at 0x60,0x64 irq 12
[    3.232108] mousedev: PS/2 mouse device common for all mice
[    3.234803] rtc_cmos rtc_cmos: rtc core: registered rtc_cmos as rtc0
[    3.247324] rtc_cmos rtc_cmos: alarms up to one day, 114 bytes nvram
[    3.249498] i2c /dev entries driver
[    3.258691] input: AT Translated Set 2 keyboard as /devices/platform/i8042/serio0/input/input2
[    3.261116] device-mapper: uevent: version 1.0.3
[    3.263714] device-mapper: ioctl: 4.34.0-ioctl (2015-10-28) initialised: dm-devel@redhat.com
[    3.263749] ledtrig-cpu: registered to indicate activity on CPUs
[    3.264171] NET: Registered protocol family 10
[    3.264369] NET: Registered protocol family 17
[    3.264382] Key type dns_resolver registered
[    3.264817] registered taskstats version 1
[    3.264834] Loading compiled-in X.509 certificates
[    3.265907] Loaded X.509 cert 'Build time autogenerated kernel key: 20acc96b50ca7641011eace69d32209215a9b56f'
[    3.265935] zswap: loaded using pool lzo/zbud
[    3.268765] Key type trusted registered
[    3.274233] Key type encrypted registered
[    3.274243] AppArmor: AppArmor sha1 policy hashing enabled
[    3.274246] ima: No TPM chip found, activating TPM-bypass!
[    3.274253] ima: Allocated hash algorithm: sha1
[    3.274271] evm: HMAC attrs: 0x1
[    3.274735]   Magic number: 6:896:238
[    3.276156] rtc_cmos rtc_cmos: setting system clock to 2018-10-12 17:12:08 UTC (1539364328)
[    3.276471] BIOS EDD facility v0.16 2004-Jun-25, 0 devices found
[    3.276471] EDD information not available.
[    3.366454] Freeing unused kernel memory: 1528K
[    3.376241] Write protecting the kernel read-only data: 14336k
[    3.814982] tsc: Refined TSC clocksource calibration: 2291.277 MHz
[    3.814986] clocksource: tsc: mask: 0xffffffffffffffff max_cycles: 0x210704d76c5, max_idle_ns: 440795241126 ns
[    4.539337] Freeing unused kernel memory: 1672K
[    4.542787] Freeing unused kernel memory: 92K
Loading, please wait...
starting version 229
[    4.568039] random: systemd-udevd: uninitialized urandom read (16 bytes read, 4 bits of entropy available)
[    4.568707] random: udevadm: uninitialized urandom read (16 bytes read, 4 bits of entropy available)
[    4.568745] random: udevadm: uninitialized urandom read (16 bytes read, 4 bits of entropy available)
[    4.589375] random: udevadm: uninitialized urandom read (16 bytes read, 4 bits of entropy available)
[    4.589459] random: udevadm: uninitialized urandom read (16 bytes read, 4 bits of entropy available)
[    4.589788] random: udevadm: uninitialized urandom read (16 bytes read, 4 bits of entropy available)
[    4.589908] random: udevadm: uninitialized urandom read (16 bytes read, 4 bits of entropy available)
[    4.590025] random: udevadm: uninitialized urandom read (16 bytes read, 4 bits of entropy available)
[    4.590139] random: udevadm: uninitialized urandom read (16 bytes read, 4 bits of entropy available)
[    4.590253] random: udevadm: uninitialized urandom read (16 bytes read, 4 bits of entropy available)
[    4.746260] e1000: Intel(R) PRO/1000 Network Driver - version 7.3.21-k8-NAPI
[    4.761852] e1000: Copyright (c) 1999-2006 Intel Corporation.
[    4.765794] Fusion MPT base driver 3.04.20
[    4.767056] Copyright (c) 1999-2008 LSI Corporation
[    4.782694] Fusion MPT SPI Host driver 3.04.20
[    4.986899] input: ImExPS/2 Generic Explorer Mouse as /devices/platform/i8042/serio1/input/input4
[    5.193731] e1000 0000:00:03.0 eth0: (PCI:33MHz:32-bit) 02:e1:e1:d1:e4:77
[    5.217852] e1000 0000:00:03.0 eth0: Intel(R) PRO/1000 Network Connection
[    5.241524] mptbase: ioc0: Initiating bringup
[    5.313415] ioc0: LSI53C1030 A0: Capabilities={Initiator}
[    5.516366] scsi host2: ioc0: LSI53C1030 A0, FwRev=00000000h, Ports=1, MaxQ=256, IRQ=20
[    5.630221] scsi 2:0:0:0: Direct-Access     VBOX     HARDDISK         1.0  PQ: 0 ANSI: 5
[    5.659704] scsi target2:0:0: Beginning Domain Validation
[    5.668539] scsi target2:0:0: Domain Validation skipping write tests
[    5.671039] scsi target2:0:0: Ending Domain Validation
[    5.673081] scsi target2:0:0: asynchronous
[    5.677198] scsi 2:0:1:0: Direct-Access     VBOX     HARDDISK         1.0  PQ: 0 ANSI: 5
[    5.685674] scsi target2:0:1: Beginning Domain Validation
[    5.705032] scsi target2:0:1: Domain Validation skipping write tests
[    5.708444] scsi target2:0:1: Ending Domain Validation
[    5.710671] scsi target2:0:1: asynchronous
[    5.722685] sd 2:0:0:0: Attached scsi generic sg0 type 0
[    5.733419] sd 2:0:0:0: [sda] 20971520 512-byte logical blocks: (10.7 GB/10.0 GiB)
[    5.736644] sd 2:0:0:0: [sda] Write Protect is off
[    5.739741] sd 2:0:0:0: [sda] Incomplete mode parameter data
[    5.747226] sd 2:0:0:0: [sda] Assuming drive cache: write through
[    5.756477] sd 2:0:1:0: [sdb] 20480 512-byte logical blocks: (10.5 MB/10.0 MiB)
[    5.759722] sd 2:0:1:0: [sdb] Write Protect is off
[    5.761829] sd 2:0:1:0: [sdb] Incomplete mode parameter data
[    5.763879] sd 2:0:1:0: [sdb] Assuming drive cache: write through
[    5.766477] sd 2:0:1:0: Attached scsi generic sg1 type 0
[    5.808504]  sda: sda1
[    5.812264] sd 2:0:1:0: [sdb] Attached SCSI disk
[    5.815942] sd 2:0:0:0: [sda] Attached SCSI disk
[    6.047841] e1000 0000:00:08.0 eth1: (PCI:33MHz:32-bit) 08:00:27:f7:00:3b
[    6.056987] e1000 0000:00:08.0 eth1: Intel(R) PRO/1000 Network Connection
[    6.060825] e1000 0000:00:03.0 enp0s3: renamed from eth0
[    6.073837] e1000 0000:00:08.0 enp0s8: renamed from eth1
Begin: Loading essential drivers ... [    7.734187] md: linear personality registered for level -1
[    7.743283] md: multipath personality registered for level -4
[    7.757810] md: raid0 personality registered for level 0
[    7.767952] md: raid1 personality registered for level 1
[    7.849061] raid6: sse2x1   gen()  2644 MB/s
[    7.917293] raid6: sse2x1   xor()  2108 MB/s
[    7.985157] raid6: sse2x2   gen()  3980 MB/s
[    8.053707] raid6: sse2x2   xor()  3614 MB/s
[    8.121507] raid6: sse2x4   gen()  5536 MB/s
[    8.189514] raid6: sse2x4   xor()  3477 MB/s
[    8.191727] raid6: using algorithm sse2x4 gen() 5536 MB/s
[    8.194370] raid6: .... xor() 3477 MB/s, rmw enabled
[    8.196708] raid6: using ssse3x2 recovery algorithm
[    8.208137] xor: automatically using best checksumming function:
[    8.257833]    avx       :  7825.000 MB/sec
[    8.263199] async_tx: api initialized (async)
[    8.289796] md: raid6 personality registered for level 6
[    8.292611] md: raid5 personality registered for level 5
[    8.294564] md: raid4 personality registered for level 4
[    8.307981] md: raid10 personality registered for level 10
done.
Begin: Running /scripts/init-premount ... done.
Begin: Mounting root file system ... Begin: Running /scripts/local-top ... done.
Begin: Running /scripts/local-premount ... [    8.371405] Btrfs loaded
Scanning for Btrfs filesystems
done.
Warning: fsck not present, so skipping root file system
[    8.481094] EXT4-fs (sda1): mounted filesystem with ordered data mode. Opts: (null)
done.
Begin: Running /scripts/local-bottom ... done.
Begin: Running /scripts/init-bottom ... done.
[    9.555082] random: nonblocking pool is initialized
[    9.729369] systemd[1]: systemd 229 running in system mode. (+PAM +AUDIT +SELINUX +IMA +APPARMOR +SMACK +SYSVINIT +UTMP +LIBCRYPTSETUP +GCRYPT +GNUTLS +ACL +XZ -LZ4 +SECCOMP +BLKID +ELFUTILS +KMOD -IDN)
[    9.783175] systemd[1]: Detected virtualization oracle.
[    9.805128] systemd[1]: Detected architecture x86-64.

Welcome to [1mUbuntu 16.04.5 LTS[0m!

[    9.942175] systemd[1]: Set hostname to <ubuntu>.
[   10.007764] systemd[1]: Initializing machine ID from random generator.
[   10.036666] systemd[1]: Installed transient /etc/machine-id file.
[   11.911989] systemd[1]: Started Forward Password Requests to Wall Directory Watch.
[[0;32m  OK  [0m] Started Forward Password Requests to Wall Directory Watch.
[   11.970716] systemd[1]: Reached target System Time Synchronized.
[[0;32m  OK  [0m] Reached target System Time Synchronized.
[   11.988638] systemd[1]: Listening on LVM2 metadata daemon socket.
[[0;32m  OK  [0m] Listening on LVM2 metadata daemon socket.
[   11.994081] systemd[1]: Created slice User and Session Slice.
[[0;32m  OK  [0m] Created slice User and Session Slice.
[   12.007406] systemd[1]: Listening on Journal Socket (/dev/log).
[[0;32m  OK  [0m] Listening on Journal Socket (/dev/log).
[   12.044498] systemd[1]: Started Trigger resolvconf update for networkd DNS.
[[0;32m  OK  [0m] Started Trigger resolvconf update for networkd DNS.
[   12.057488] systemd[1]: Listening on LVM2 poll daemon socket.
[[0;32m  OK  [0m] Listening on LVM2 poll daemon socket.
[   12.068904] systemd[1]: Listening on udev Control Socket.
[[0;32m  OK  [0m] Listening on udev Control Socket.
[   12.089658] systemd[1]: Reached target Swap.
[[0;32m  OK  [0m] Reached target Swap.
[   12.093701] systemd[1]: Created slice System Slice.
[[0;32m  OK  [0m] Created slice System Slice.
[   12.098263] systemd[1]: Reached target User and Group Name Lookups.
[[0;32m  OK  [0m] Reached target User and Group Name Lookups.
[   12.103424] systemd[1]: Reached target Slices.
[[0;32m  OK  [0m] Reached target Slices.
[   12.110938] systemd[1]: Listening on Syslog Socket.
[[0;32m  OK  [0m] Listening on Syslog Socket.
[   12.117368] systemd[1]: Listening on Device-mapper event daemon FIFOs.
[[0;32m  OK  [0m] Listening on Device-mapper event daemon FIFOs.
[   12.123727] systemd[1]: Listening on udev Kernel Socket.
[[0;32m  OK  [0m] Listening on udev Kernel Socket.
[   12.149454] systemd[1]: Listening on /dev/initctl Compatibility Named Pipe.
[[0;32m  OK  [0m] Listening on /dev/initctl Compatibility Named Pipe.
[   12.175188] systemd[1]: Listening on Journal Socket.
[[0;32m  OK  [0m] Listening on Journal Socket.
[   12.209836] systemd[1]: Mounting Debug File System...
         Mounting Debug File System...
[   12.253766] systemd[1]: Mounting Huge Pages File System...
         Mounting Huge Pages File System...
[   12.270659] systemd[1]: Starting Create list of required static device nodes for the current kernel...
         Starting Create list of required st... nodes for the current kernel...
[   12.290587] systemd[1]: Mounting POSIX Message Queue File System...
         Mounting POSIX Message Queue File System...
[   12.333221] systemd[1]: Starting Nameserver information manager...
         Starting Nameserver information manager...
[   12.351167] systemd[1]: Starting Set console keymap...
         Starting Set console keymap...
[   12.457410] systemd[1]: Starting Load Kernel Modules...
         Starting Load Kernel Modules...
[   12.471178] systemd[1]: Starting Monitoring of LVM2 mirrors, snapshots etc. using dmeventd or progress polling...
         Starting Monitoring of LVM2 mirrors... dmeventd or progress polling...
[   12.526178] systemd[1]: Starting Uncomplicated firewall...
         Starting Uncomplicated firewall...
[   12.550124] systemd[1]: Reached target Encrypted Volumes.
[[0;32m  OK  [0m] Reached target Encrypted Volumes.
[   12.598149] systemd[1]: Listening on Journal Audit Socket.
[[0;32m  OK  [[   12.622736] Loading iSCSI transport class v2.0-870.
0m] Listening on Journal Audit Socket.
[   12.669511] systemd[1]: Starting Journal Service...
         Starting Journal Service...
[   12.695336] systemd[1]: Starting Remount Root and Kernel File Systems...
         Starting Remount Root and Kernel File Systems...
[   12.725717] systemd[1]: Set up automount Arbitrary Executable File Formats File System Automount Point.
[   12.759603] iscsi: registered transport (tcp)
[[0;32m  OK  [0m] Set up automount Arbitrary Executab...ats File System Automount Point.
[   12.841435] EXT4-fs (sda1): re-mounted. Opts: (null)
[   12.893294] systemd[1]: Created slice system-serial\x2dgetty.slice.
[[0;32m  OK  [0m] Created slice system-serial\x2dgetty.slice.
[   12.967140] systemd[1]: Mounted Debug File System.
[[0;32m  OK  [0m] Mounted Debug File System.
[   12.983888] systemd[1]: Mounted Huge Pages File System.
[[0;32m  OK  [0m] Mounted Huge Pages File System.
[   13.026089] systemd[1]: Mounted POSIX Message Queue File System.
[[0;32m  OK  [0m] Mounted POSIX Message Queue File System.
[   13.079117] systemd[1]: Started Create list of required static device nodes for the current kernel.
[[0;32m  OK  [0m] Started Create list of required sta...ce nodes for the current kernel.
[   13.134891] systemd[1]: Started Set console keymap.
[[0;32m  OK  [0m] Started Set console keymap.
[   13.158485] systemd[1]: Started Uncomplicated firewall.
[[0;32m  OK  [0m] Started Uncomplicated firewall.
[   13.198587] systemd[1]: Started Remount Root and Kernel File Systems.
[[0;32m  OK  [0m] Started Remount Root and Kernel File Systems.
[   13.269943] systemd[1]: Started Nameserver information manager.
[[0;32m  OK  [0m] Started Names[   13.293664] iscsi: registered transport (iser)
erver information manager.
[   13.346812] systemd[1]: Started Load Kernel Modules.
[[0;32m  OK  [0m] Started Load Kernel Modules.
[   13.363220] systemd[1]: Started Journal Service.
[[0;32m  OK  [0m] Started Journal Service.
[[0;32m  OK  [0m] Started LVM2 metadata daemon.
         Starting Apply Kernel Variables...
         Mounting FUSE Control File System...
         Starting Flush Journal to Persistent Storage...
         Starting udev Coldplug all Devices...
         Starting Load/Save Random Seed...
         Starting Create Static Device Nodes in /dev...
[[0;32m  OK  [0m] Mounted FUSE Control File System.
[   13.661908] systemd-journald[383]: Received request to flush runtime journal from PID 1
[[0;32m  OK  [0m] Started Flush Journal to Persistent Storage.
[[0;32m  OK  [0m] Started Apply Kernel Variables.
[[0;32m  OK  [0m] Started udev Coldplug all Devices.
[[0;32m  OK  [0m] Started Load/Save Random Seed.
[[0;32m  OK  [0m] Started Create Static Device Nodes in /dev.
         Starting udev Kernel Device Manager...
[[0;32m  OK  [0m] Started Monitoring of LVM2 mirrors,...ng dmeventd or progress polling.
[[0;32m  OK  [0m] Started udev Kernel Device Manager.
[[0;32m  OK  [0m] Started Dispatch Password Requests to Console Directory Watch.
[[0;32m  OK  [0m] Reached target Local File Systems (Pre).
[[0;32m  OK  [0m] Reached target Local File Systems.
         Starting Tell Plymouth To Write Out Runtime Data...
         Starting Create Volatile Files and Directories...
         Starting Commit a transient machine-id on disk...
         Starting Initial cloud-init job (pre-networking)...
         Starting Set console font and keymap...
         Starting LSB: AppArmor initialization...
[[0;32m  OK  [0m] Started Commit a transient machine-id on disk.
[[0;32m  OK  [0m] Started Create Volatile Files and Directories.
         Starting Update UTMP about System Boot/Shutdown...
[[0;32m  OK  [0m] Started Tell Plymouth To Write Out Runtime Data.
[[0;32m  OK  [0m] Found device /dev/ttyS0.
[[0;32m  OK  [0m] Listening on Load/Save RF Kill Switch Status /dev/rfkill Watch.
[[0;32m  OK  [0m] Started Update UTMP about System Boot/Shutdown.
[[0;32m  OK  [0m] Started Set console font and keymap.
[[0;32m  OK  [0m] Created slice system-getty.slice.
[[0;32m  OK  [0m] Started LSB: AppArmor initialization.
[   21.236489] cloud-init[470]: Cloud-init v. 18.3-9-g2e62cb8a-0ubuntu1~16.04.2 running 'init-local' at Fri, 12 Oct 2018 17:12:27 +0000. Up 20.39 seconds.
[[0;32m  OK  [0m] Started Initial cloud-init job (pre-networking).
[[0;32m  OK  [0m] Reached target Network (Pre).
         Starting Raise network interfaces...
[[0;32m  OK  [0m] Started Raise network interfaces.
         Starting Initial cloud-init job (metadata service crawler)...
[[0;32m  OK  [0m] Reached target Network.
[   25.487877] cloud-init[928]: Cloud-init v. 18.3-9-g2e62cb8a-0ubuntu1~16.04.2 running 'init' at Fri, 12 Oct 2018 17:12:29 +0000. Up 22.58 seconds.
[   25.495237] cloud-init[928]: ci-info: ++++++++++++++++++++++++++++++++++++++Net device info+++++++++++++++++++++++++++++++++++++++
[   25.553090] cloud-init[928]: ci-info: +--------+-------+----------------------------+---------------+--------+-------------------+
[   25.593074] [[0;32m  OK  [0m] Started Initial cloud-init job (metadata service crawler).
cloud-init[928]: ci-info: | Device |   Up  |          Address           |      Mask     | Scope  |     Hw-Address    |
[   25.616626] [[0;32m  OK  [0m] Reached target System Initialization.
[[0;32m  OK  [0m] Started Daily apt download activities.
[[0;32m  OK  [0m] Listening on ACPID Listen Socket.
cloud-init[928]: ci-info: +--------+-------+----------------------------+---------------+--------+-------------------+
[   25.636895] cloud-init[928]: ci-info: | enp0s3 |  True |         10.0.2.15          | 255.255.255.0 | global | 02:e1:e1:d1:e4:77 |
[   25.645843]          Starting LXD - unix socket.
[[0;32m  OK  [0m] Started Daily apt upgrade and clean activities.
[[0;32m  OK  [0m] Listening on D-Bus System Message Bus Socket.
[[0;32m  OK  [0m] Listening on UUID daemon activation socket.
cloud-init[928]: ci-info: | enp0s3 |  True | fe80::e1:e1ff:fed1:e477/64 |       .       |  link  | 02:e1:e1:d1:e4:77 |
[   25.696611] [[0;32m  OK  [0m] Started ACPI Events Check.
[[0;32m  OK  [0m] Reached target Paths.
[[0;32m  OK  [0m] Started Daily Cleanup of Temporary Directories.
         Starting Socket activation for snappy daemon.
cloud-init[928]: ci-info: | enp0s8 | False |             .              |       .       |   .    | 08:00:27:f7:00:3b |
[   25.717529] [[0;32m  OK  [0m] Reached target Timers.
[[0;32m  OK  [0m] Reached target Network is Online.
cloud-init[928]: ci-info: |   lo   |  True |         127.0.0.1          |   255.0.0.0   |  host  |         .         |
         Starting iSCSI initiator daemon (iscsid)...
[   25.735303] [[0;32m  OK  [0m] Reached target Cloud-config availability.
cloud-init[928]: ci-info: |   lo   |  True |          ::1/128           |       .       |  host  |         .         |
[   25.749413] cloud-init[928]: ci-info: +--------+-------+----------------------------+---------------+--------+-------------------+
[   25.781967] cloud-init[928]: ci-info: +++++++++++++++++++++++++++Route IPv4 info++++++++++++++++++++++++++++
[[0;32m  OK  [0m] Listening on LXD - unix socket.
[[0;32m  OK  [0m] Listening on Socket activation for snappy daemon.
[   25.788755] cloud-init[928]: ci-info: +-------+-------------+----------+---------------+-----------+-------+
[   25.818113] cloud-init[928]: ci-info: | Route | Destination | Gateway  |    Genmask    | Interface | Flags |
[   25.823386] cloud-init[928]: ci-info: +-------+-------------+----------+---------------+-----------+-------+
[   25.853450] cloud-init[928]: ci-info: |   0   |   0.0.0.0   | 10.0.2.2 |    0.0.0.0    |   enp0s3  |   UG  |
[   25.860561] cloud-init[928]: ci-info: |   1   |   10.0.2.0  | 0.0.0.0  | 255.255.255.0 |   enp0s3  |   U   |
[   25.860775] cloud-init[928]: ci-info: +-------+-------------+----------+---------------+-----------+-------+
[   25.861421] cloud-init[928]: ci-info: +++++++++++++++++++Route IPv6 info+++++++++++++++++++
[   25.861559] cloud-init[928]: ci-info: +-------+-------------+---------+-----------+-------+
[   25.861660] cloud-init[928]: ci-info: | Route | Destination | Gateway | Interface | Flags |
[   25.861757] cloud-init[928]: ci-info: +-------+-------------+---------+-----------+-------+
[   25.861872] cloud-init[928]: ci-info: |   0   |  fe80::/64  |    ::   |   enp0s3  |   U   |
[   25.862452] cloud-init[928]: ci-info: |   3   |   ff00::/8  |    ::   |   enp0s3  |   U   |
[   25.862561] cloud-init[928]: ci-info: +-------+-------------+---------+-----------+-------+
[   25.862687] cloud-init[928]: Generating public/private rsa key pair.
[   25.862787] cloud-init[928]: Your identification has been saved in /etc/ssh/ssh_host_rsa_key.
[   25.862886] cloud-init[928]: Your public key has been saved in /etc/ssh/ssh_host_rsa_key.pub.
[   25.863012] cloud-init[928]: The key fingerprint is:
[   25.863139] cloud-init[928]: SHA256:g9sNa5swTj/Df+L9WvMAxU7mw45YlV+7Rc1swuFlEss root@ubuntu-xenial
[   25.863240] cloud-init[928]: The key's randomart image is:
[   25.863335] cloud-init[928]: +---[RSA 2048]----+
[   25.863441] cloud-init[928]: |              +.o|
[   25.863537] cloud-init[928]: |             = X.|
[   25.863634] cloud-init[928]: |              E B|
[   25.863732] cloud-init[928]: |       .     O =o|
[   25.863827] cloud-init[928]: |      . S   o =.o|
[   25.863925] cloud-init[928]: |       o = o + .o|
[   25.864050] cloud-init[928]: |      =.+ o . =. |
[   25.864148] cloud-init[928]: |     o =+o.... + |
[   25.864250] cloud-init[928]: |      . +=oooo. .|
[   25.864353] cloud-init[928]: +----[SHA256]-----+
[   25.864450] cloud-init[928]: Generating public/private dsa key pair.
[[0;32m  OK  [0m] Reached target Sockets.
[   25.864623] cloud-init[928]: Your identification has been saved in /etc/ssh/ssh_host_dsa_key.
[   25.968284] cloud-init[928]: Your public key has been saved in /etc/ssh/ssh_host_dsa_key.pub.
[[0;32m  OK  [0m] Reached target Basic System.
[   25.968885] cloud-init[928]: The key fingerprint is:
[   25.988611] cloud-init[928]: SHA256:Z4KIRgh/vG6Wsl/UjDXRa7ppqTbNWc2tJ0f0lBRftl4 root@ubuntu-xenial
[   25.991734] cloud-init[928]: The key's randomart image is:
[   25.994037] cloud-init[928]: +---[DSA 1024]----+
[   25.995940] cloud-init[928]: |.       ..     .+|
[   25.997778] cloud-init[928]: |.o .     ..    o+|
[   25.999542] cloud-init[928]: |. o o   o  .  ..E|
[   26.001636] cloud-init[928]: | . o o * .o   o.o|
[   26.003411] cloud-init[928]: |  o o + Sooo o + |
[   26.005211] cloud-init[928]: | . . o  .+. o o .|
[   26.008568] cloud-init[928]: |  . = .o *   o   |
[   26.026817] cloud-init[928]: |   = .o O   o o  |
[   26.028951] cloud-init[928]: |  .....+     +   |
[   26.059172] cloud-init[928]: +----[SHA256]-----+
[   26.059826] cloud-init[928]: Generating public/private ecdsa key pair.
[   26.060184] cloud-init[928]: Your identification has been saved in /etc/ssh/ssh_host_ecdsa_key.
[   26.060428] cloud-init[928]: Your public key has been saved in /etc/ssh/ssh_host_ecdsa_key.pub.
[   26.060734] cloud-init[928]: The key fingerprint is:
[   26.061044] cloud-init[928]: SHA256:dsB5dSk5aW60Wjfqy3HYKXip2SWKuKzvjLQ5S3zKoz8 root@ubuntu-xenial
[   26.062320] cloud-init[928]: The key's randomart image is:
[[0;32m  OK  [0m] Started ACPI event daemon.
[   26.064043] cloud-init[928]: +---[ECDSA 256]---+
[   26.084581] cloud-init[928]: |            .o.. |
[   26.088646] cloud-init[928]: |       . . .B..  |
[   26.090284] cloud-init[928]: |        + .+ +   |
[   26.091894] cloud-init[928]: |         o  = o  |
[   26.093784] cloud-init[928]: |        S .+ o . |
[   26.095428] cloud-init[928]: |   .   . ....+ . |
[   26.097088] cloud-init[928]: |    + .   ..B =  |
[   26.101522] cloud-init[928]: |   +EO . . B.*   |
[   26.104282] cloud-init[928]: |  .oXOB.. + +.   |
         Starting LSB: MD monitoring daemon...
         Starting Login Service...
[   26.114012] cloud-init[928]: +----[SHA256]-----+
[   26.114834] cloud-init[928]: Generating public/private ed25519 key pair.
[   26.115164] cloud-init[928]: Your identification has been saved in /etc/ssh/ssh_host_ed25519_key.
[   26.115436] cloud-init[928]: Your public key has been saved in /etc/ssh/ssh_host_ed25519_key.pub.
[   26.115718] cloud-init[928]: The key fingerprint is:
         Starting Accounts Service...
[   26.116004] cloud-init[928]: SHA256:Y1v0bUAr9+hSLDQOAQk0KIW5TaE3BcVp/ODYW6oPFgM root@ubuntu-xenial
[   26.156539] cloud-init[928]: The key's randomart image is:
[   26.159230] cloud-init[928]: +--[ED25519 256]--+
[   26.161830] cloud-init[928]: | ++O*o.o.   .    |
[   26.163831] cloud-init[928]: |+.o.*..  . . .   |
[   26.166380] cloud-init[928]: |E=o= o  . = +    |
[   26.168500] cloud-init[928]: |.oo.o o  = * =   |
[   26.170652] cloud-init[928]: |  o  +  S + = +  |
[   26.173645] cloud-init[928]: |   oo  . + + .   |
[   26.176166] cloud-init[928]: |  o.    . . .    |
[   26.178795] cloud-init[928]: | ...       .     |
[   26.181271] cloud-init[928]: |   ..            |
[   26.183573] cloud-init[928]: +----[SHA256]-----+
         Starting Snappy daemon...
[[0;32m  OK  [0m] Started Unattended Upgrades Shutdown.
[[0;32m  OK  [0m] Started D-Bus System Message Bus.
[[0;32m  OK  [0m] Started FUSE filesystem for LXC.
         Starting LXD - container startup/shutdown...
[[0;32m  OK  [0m] Started Regular background program processing daemon.
[[0;32m  OK  [0m] Started Deferred execution scheduler.
         Starting LSB: Record successful boot for GRUB...
         Starting System Logging Service...
         Starting Virtualbox guest utils...
         Starting Pollinate to seed the pseudo random number generator...
         Starting /etc/rc.local Compatibility...
[[0;32m  OK  [0m] Started /etc/rc.local Compatibility.
[[0;32m  OK  [0m] Started Login Service.
[[0;32m  OK  [0m] Started iSCSI initiator daemon (iscsid).
         Starting Login to default iSCSI targets...
[[0;32m  OK  [0m] Started LSB: Record successful boot for GRUB.
[[0;32m  OK  [0m] Started LSB: MD monitoring daemon.
[[0;32m  OK  [0m] Started Login to default iSCSI targets.
[[0;32m  OK  [0m] Reached target Remote File Systems (Pre).
[[0;32m  OK  [0m] Reached target Remote File Systems.
         Starting Permit User Sessions...
         Starting LSB: daemon to balance interrupts for SMP systems...
         Starting LSB: automatic crash report generation...
         Starting LSB: Set the CPU Frequency Scaling governor to "ondemand"...
         Starting Authenticate and Authorize Users to Run Privileged Tasks...
[[0;32m  OK  [0m] Started Permit User Sessions.
         Starting Terminate Plymouth Boot Screen...
         Starting Hold until boot process finishes up...
[[0;32m  OK  [0m] Started LSB: Set the CPU Frequency Scaling governor to "ondemand".
[[0;32m  OK  [0m] Started Terminate Plymouth Boot Screen.
[[0;32m  OK  [0m] Started Hold until boot process finishes up.
[[0;32m  OK  [0m] Started Serial Getty on ttyS0.
[[0;32m  OK  [0m] Started Getty on tty1.
[[0;32m  OK  [0m] Reached target Login Prompts.
         Starting Set console scheme...
[[0;32m  OK  [0m] Started LSB: automatic crash report generation.
[[0;32m  OK  [0m] Started Set console scheme.
[[0;32m  OK  [0m] Started LSB: daemon to balance interrupts for SMP systems.
[[0;32m  OK  [0m] Started Virtualbox guest utils.
[[0;32m  OK  [0m] Started System Logging Service.
[[0;32m  OK  [0m] Started Authenticate and Authorize Users to Run Privileged Tasks.
[[0;32m  OK  [0m] Started Accounts Service.
[[0;32m  OK  [0m] Started Snappy daemon.
         Starting Wait until snapd is fully seeded...
[[0;32m  OK  [0m] Started Pollinate to seed the pseudo random number generator.
         Starting OpenBSD Secure Shell server...
[[0;32m  OK  [0m] Started OpenBSD Secure Shell server.
[[0;32m  OK  [0m] Started LXD - container startup/shutdown.

Ubuntu 16.04.5 LTS ubuntu-xenial ttyS0

ubuntu-xenial login: [   45.352942] cloud-init[1756]: Generating locales (this might take a while)...
[   46.916230] cloud-init[1756]:   en_US.UTF-8... done
[   46.917976] cloud-init[1756]: Generation complete.
[   48.800458] cloud-init[1756]: Cloud-init v. 18.3-9-g2e62cb8a-0ubuntu1~16.04.2 running 'modules:config' at Fri, 12 Oct 2018 17:12:51 +0000. Up 44.96 seconds.
ci-info: no authorized ssh keys fingerprints found for user ubuntu.
<14>Oct 12 17:12:56 ec2: 
<14>Oct 12 17:12:56 ec2: #############################################################
<14>Oct 12 17:12:56 ec2: -----BEGIN SSH HOST KEY FINGERPRINTS-----
<14>Oct 12 17:12:56 ec2: 1024 SHA256:Z4KIRgh/vG6Wsl/UjDXRa7ppqTbNWc2tJ0f0lBRftl4 root@ubuntu-xenial (DSA)
<14>Oct 12 17:12:56 ec2: 256 SHA256:dsB5dSk5aW60Wjfqy3HYKXip2SWKuKzvjLQ5S3zKoz8 root@ubuntu-xenial (ECDSA)
<14>Oct 12 17:12:56 ec2: 256 SHA256:Y1v0bUAr9+hSLDQOAQk0KIW5TaE3BcVp/ODYW6oPFgM root@ubuntu-xenial (ED25519)
<14>Oct 12 17:12:56 ec2: 2048 SHA256:g9sNa5swTj/Df+L9WvMAxU7mw45YlV+7Rc1swuFlEss root@ubuntu-xenial (RSA)
<14>Oct 12 17:12:56 ec2: -----END SSH HOST KEY FINGERPRINTS-----
<14>Oct 12 17:12:56 ec2: #############################################################
-----BEGIN SSH HOST KEY KEYS-----
ecdsa-sha2-nistp256 AAAAE2VjZHNhLXNoYTItbmlzdHAyNTYAAAAIbmlzdHAyNTYAAABBBI5m1jSlzkgXpthNNXMSyRtrb8wGjvEoZu9TvFL6OSu782s2nIq8wWwsGou3RPHhOnLqsOZI67m8gCMPlG1xTFo= root@ubuntu-xenial
ssh-ed25519 AAAAC3NzaC1lZDI1NTE5AAAAIG7NKvJwoor6oWE3AuakO+fGQfjxyQTq5pcBOl0+lJzp root@ubuntu-xenial
ssh-rsa AAAAB3NzaC1yc2EAAAADAQABAAABAQDa9HAcLN/tqkPBQjSDS6yAmJWNRye47oie3C6tzqJ9JFp6CnudoZQFJFJmC7OaFHh1wcBAC+QGERrJYYYG4RzAOXNnGXsyC9MXHarcTRVPViqRB9jWoIZJroB30WKX3APkjpgWQoMySvE8WDYqjI0aJ2HnAy/4oSZpNf+5+xG03fs+4KJgheZY6MiAdJJrJ6P9VR53TnQllmwthBNzNOraA/bEwilTqHnTVbwybwysIwWHJexhc28S7Zz3vdOzZMlT7hWyx0NDk6v55G/I/o63E5mdk62jiS57WVVzbavFVnVadSt88G/hXGbmsSONnc+Op06tyYBFpg7JYZ259fAB root@ubuntu-xenial
-----END SSH HOST KEY KEYS-----
[   49.646093] cloud-init[1800]: Cloud-init v. 18.3-9-g2e62cb8a-0ubuntu1~16.04.2 running 'modules:final' at Fri, 12 Oct 2018 17:12:56 +0000. Up 49.32 seconds.
[   49.646518] cloud-init[1800]: ci-info: no authorized ssh keys fingerprints found for user ubuntu.
[   49.646780] cloud-init[1800]: Cloud-init v. 18.3-9-g2e62cb8a-0ubuntu1~16.04.2 finished at Fri, 12 Oct 2018 17:12:56 +0000. Datasource DataSourceNoCloud [seed=/dev/sdb][dsmode=net].  Up 49.62 seconds
